{"C:\\Users\\natal\\payment-checkout-app\\frontend\\src\\store\\index.ts": {"path":"C:\\Users\\natal\\payment-checkout-app\\frontend\\src\\store\\index.ts","statementMap":{"0":{"start":{"line":1,"column":0},"end":{"line":1,"column":50}},"1":{"start":{"line":2,"column":0},"end":{"line":2,"column":55}},"2":{"start":{"line":4,"column":0},"end":{"line":4,"column":51}},"3":{"start":{"line":5,"column":0},"end":{"line":5,"column":53}},"4":{"start":{"line":6,"column":0},"end":{"line":6,"column":41}},"5":{"start":{"line":8,"column":13},"end":{"line":10,"column":3}},"6":{"start":{"line":14,"column":30},"end":{"line":14,"column":62}},"7":{"start":{"line":14,"column":36},"end":{"line":14,"column":62}},"8":{"start":{"line":14,"column":13},"end":{"line":14,"column":30}},"9":{"start":{"line":15,"column":13},"end":{"line":15,"column":75}}},"fnMap":{"0":{"name":"(anonymous_1)","decl":{"start":{"line":14,"column":30},"end":{"line":14,"column":33}},"loc":{"start":{"line":14,"column":36},"end":{"line":14,"column":62}}}},"branchMap":{},"s":{"0":0,"1":0,"2":0,"3":0,"4":0,"5":0,"6":0,"7":0,"8":0,"9":0},"f":{"0":0},"b":{}}
,"C:\\Users\\natal\\payment-checkout-app\\frontend\\src\\store\\slices\\checkoutSlice.ts": {"path":"C:\\Users\\natal\\payment-checkout-app\\frontend\\src\\store\\slices\\checkoutSlice.ts","statementMap":{"0":{"start":{"line":1,"column":0},"end":{"line":1,"column":65}},"1":{"start":{"line":4,"column":0},"end":{"line":4,"column":56}},"2":{"start":{"line":5,"column":0},"end":{"line":5,"column":60}},"3":{"start":{"line":6,"column":0},"end":{"line":6,"column":49}},"4":{"start":{"line":8,"column":20},"end":{"line":8,"column":36}},"5":{"start":{"line":10,"column":16},"end":{"line":15,"column":1}},"6":{"start":{"line":11,"column":15},"end":{"line":13,"column":70}},"7":{"start":{"line":14,"column":2},"end":{"line":14,"column":60}},"8":{"start":{"line":17,"column":13},"end":{"line":20,"column":1}},"9":{"start":{"line":18,"column":2},"end":{"line":19,"column":22}},"10":{"start":{"line":18,"column":18},"end":{"line":18,"column":53}},"11":{"start":{"line":18,"column":55},"end":{"line":18,"column":85}},"12":{"start":{"line":19,"column":10},"end":{"line":19,"column":20}},"13":{"start":{"line":22,"column":32},"end":{"line":25,"column":2}},"14":{"start":{"line":27,"column":15},"end":{"line":30,"column":14}},"15":{"start":{"line":28,"column":2},"end":{"line":30,"column":14}},"16":{"start":{"line":32,"column":13},"end":{"line":45,"column":2}},"17":{"start":{"line":34,"column":83},"end":{"line":44,"column":null}},"18":{"start":{"line":35,"column":4},"end":{"line":35,"column":31}},"19":{"start":{"line":35,"column":32},"end":{"line":35,"column":57}},"20":{"start":{"line":36,"column":4},"end":{"line":43,"column":5}},"21":{"start":{"line":37,"column":18},"end":{"line":37,"column":79}},"22":{"start":{"line":38,"column":6},"end":{"line":38,"column":34}},"23":{"start":{"line":39,"column":6},"end":{"line":39,"column":27}},"24":{"start":{"line":41,"column":6},"end":{"line":41,"column":34}},"25":{"start":{"line":41,"column":35},"end":{"line":41,"column":74}},"26":{"start":{"line":42,"column":6},"end":{"line":42,"column":14}},"27":{"start":{"line":47,"column":13},"end":{"line":60,"column":2}},"28":{"start":{"line":49,"column":71},"end":{"line":59,"column":null}},"29":{"start":{"line":50,"column":4},"end":{"line":50,"column":31}},"30":{"start":{"line":50,"column":32},"end":{"line":50,"column":57}},"31":{"start":{"line":51,"column":4},"end":{"line":58,"column":5}},"32":{"start":{"line":52,"column":18},"end":{"line":52,"column":82}},"33":{"start":{"line":53,"column":6},"end":{"line":53,"column":34}},"34":{"start":{"line":54,"column":6},"end":{"line":54,"column":27}},"35":{"start":{"line":56,"column":6},"end":{"line":56,"column":34}},"36":{"start":{"line":56,"column":35},"end":{"line":56,"column":74}},"37":{"start":{"line":57,"column":6},"end":{"line":57,"column":14}},"38":{"start":{"line":62,"column":13},"end":{"line":81,"column":2}},"39":{"start":{"line":64,"column":148},"end":{"line":80,"column":null}},"40":{"start":{"line":65,"column":4},"end":{"line":65,"column":31}},"41":{"start":{"line":65,"column":32},"end":{"line":65,"column":57}},"42":{"start":{"line":66,"column":4},"end":{"line":79,"column":5}},"43":{"start":{"line":67,"column":20},"end":{"line":67,"column":63}},"44":{"start":{"line":68,"column":18},"end":{"line":73,"column":8}},"45":{"start":{"line":74,"column":6},"end":{"line":74,"column":34}},"46":{"start":{"line":75,"column":6},"end":{"line":75,"column":27}},"47":{"start":{"line":77,"column":6},"end":{"line":77,"column":34}},"48":{"start":{"line":77,"column":35},"end":{"line":77,"column":90}},"49":{"start":{"line":78,"column":6},"end":{"line":78,"column":14}},"50":{"start":{"line":83,"column":22},"end":{"line":118,"column":2}},"51":{"start":{"line":88,"column":6},"end":{"line":88,"column":45}},"52":{"start":{"line":88,"column":46},"end":{"line":88,"column":61}},"53":{"start":{"line":88,"column":62},"end":{"line":88,"column":94}},"54":{"start":{"line":91,"column":6},"end":{"line":91,"column":64}},"55":{"start":{"line":94,"column":6},"end":{"line":94,"column":72}},"56":{"start":{"line":96,"column":60},"end":{"line":96,"column":96}},"57":{"start":{"line":98,"column":6},"end":{"line":98,"column":34}},"58":{"start":{"line":98,"column":35},"end":{"line":98,"column":67}},"59":{"start":{"line":101,"column":6},"end":{"line":101,"column":37}},"60":{"start":{"line":101,"column":38},"end":{"line":101,"column":77}},"61":{"start":{"line":105,"column":4},"end":{"line":116,"column":9}},"62":{"start":{"line":107,"column":8},"end":{"line":107,"column":40}},"63":{"start":{"line":107,"column":41},"end":{"line":107,"column":73}},"64":{"start":{"line":110,"column":8},"end":{"line":110,"column":43}},"65":{"start":{"line":110,"column":44},"end":{"line":110,"column":59}},"66":{"start":{"line":110,"column":60},"end":{"line":110,"column":92}},"67":{"start":{"line":113,"column":8},"end":{"line":113,"column":100}},"68":{"start":{"line":114,"column":8},"end":{"line":114,"column":23}},"69":{"start":{"line":115,"column":8},"end":{"line":115,"column":28}},"70":{"start":{"line":115,"column":29},"end":{"line":115,"column":52}},"71":{"start":{"line":115,"column":53},"end":{"line":115,"column":85}},"72":{"start":{"line":120,"column":13},"end":{"line":120,"column":105}},"73":{"start":{"line":121,"column":0},"end":{"line":121,"column":37}}},"fnMap":{"0":{"name":"(anonymous_7)","decl":{"start":{"line":10,"column":16},"end":{"line":10,"column":17}},"loc":{"start":{"line":10,"column":41},"end":{"line":15,"column":1}}},"1":{"name":"(anonymous_8)","decl":{"start":{"line":17,"column":13},"end":{"line":17,"column":40}},"loc":{"start":{"line":17,"column":42},"end":{"line":20,"column":1}}},"2":{"name":"(anonymous_9)","decl":{"start":{"line":27,"column":15},"end":{"line":27,"column":16}},"loc":{"start":{"line":28,"column":2},"end":{"line":30,"column":14}}},"3":{"name":"(anonymous_10)","decl":{"start":{"line":34,"column":2},"end":{"line":34,"column":9}},"loc":{"start":{"line":34,"column":83},"end":{"line":44,"column":null}}},"4":{"name":"(anonymous_11)","decl":{"start":{"line":34,"column":83},"end":{"line":34,"column":null}},"loc":{"start":{"line":34,"column":79},"end":{"line":44,"column":3}}},"5":{"name":"(anonymous_12)","decl":{"start":{"line":49,"column":2},"end":{"line":49,"column":9}},"loc":{"start":{"line":49,"column":71},"end":{"line":59,"column":null}}},"6":{"name":"(anonymous_13)","decl":{"start":{"line":49,"column":71},"end":{"line":49,"column":null}},"loc":{"start":{"line":49,"column":67},"end":{"line":59,"column":3}}},"7":{"name":"(anonymous_14)","decl":{"start":{"line":64,"column":2},"end":{"line":64,"column":9}},"loc":{"start":{"line":64,"column":148},"end":{"line":80,"column":null}}},"8":{"name":"(anonymous_15)","decl":{"start":{"line":64,"column":148},"end":{"line":64,"column":null}},"loc":{"start":{"line":64,"column":144},"end":{"line":80,"column":3}}},"9":{"name":"(anonymous_16)","decl":{"start":{"line":87,"column":4},"end":{"line":87,"column":17}},"loc":{"start":{"line":87,"column":55},"end":{"line":89,"column":5}}},"10":{"name":"(anonymous_17)","decl":{"start":{"line":90,"column":4},"end":{"line":90,"column":15}},"loc":{"start":{"line":90,"column":63},"end":{"line":92,"column":5}}},"11":{"name":"(anonymous_18)","decl":{"start":{"line":93,"column":4},"end":{"line":93,"column":19}},"loc":{"start":{"line":93,"column":71},"end":{"line":95,"column":5}}},"12":{"name":"(anonymous_19)","decl":{"start":{"line":96,"column":4},"end":{"line":96,"column":19}},"loc":{"start":{"line":96,"column":56},"end":{"line":96,"column":98}}},"13":{"name":"(anonymous_20)","decl":{"start":{"line":97,"column":4},"end":{"line":97,"column":12}},"loc":{"start":{"line":97,"column":56},"end":{"line":99,"column":5}}},"14":{"name":"(anonymous_21)","decl":{"start":{"line":100,"column":4},"end":{"line":100,"column":17}},"loc":{"start":{"line":100,"column":23},"end":{"line":102,"column":5}}},"15":{"name":"(anonymous_22)","decl":{"start":{"line":104,"column":17},"end":{"line":104,"column":24}},"loc":{"start":{"line":104,"column":27},"end":{"line":117,"column":3}}},"16":{"name":"(anonymous_23)","decl":{"start":{"line":106,"column":41},"end":{"line":106,"column":42}},"loc":{"start":{"line":106,"column":59},"end":{"line":108,"column":7}}},"17":{"name":"(anonymous_24)","decl":{"start":{"line":109,"column":44},"end":{"line":109,"column":45}},"loc":{"start":{"line":109,"column":62},"end":{"line":111,"column":7}}},"18":{"name":"(anonymous_25)","decl":{"start":{"line":112,"column":41},"end":{"line":112,"column":42}},"loc":{"start":{"line":112,"column":59},"end":{"line":116,"column":7}}}},"branchMap":{"0":{"loc":{"start":{"line":18,"column":62},"end":{"line":18,"column":84}},"type":"cond-expr","locations":[{"start":{"line":18,"column":66},"end":{"line":18,"column":79}},{"start":{"line":18,"column":82},"end":{"line":18,"column":84}}]},"1":{"loc":{"start":{"line":28,"column":2},"end":{"line":30,"column":14}},"type":"cond-expr","locations":[{"start":{"line":28,"column":23},"end":{"line":28,"column":32}},{"start":{"line":28,"column":35},"end":{"line":30,"column":14}}]},"2":{"loc":{"start":{"line":28,"column":35},"end":{"line":30,"column":14}},"type":"cond-expr","locations":[{"start":{"line":29,"column":6},"end":{"line":29,"column":52}},{"start":{"line":30,"column":6},"end":{"line":30,"column":14}}]},"3":{"loc":{"start":{"line":28,"column":35},"end":{"line":28,"column":88}},"type":"binary-expr","locations":[{"start":{"line":28,"column":35},"end":{"line":28,"column":56}},{"start":{"line":28,"column":60},"end":{"line":28,"column":70}},{"start":{"line":28,"column":74},"end":{"line":28,"column":88}}]}},"s":{"0":1,"1":1,"2":1,"3":1,"4":1,"5":1,"6":2,"7":2,"8":1,"9":1,"10":1,"11":1,"12":0,"13":1,"14":1,"15":0,"16":1,"17":0,"18":0,"19":0,"20":0,"21":0,"22":0,"23":0,"24":0,"25":0,"26":0,"27":1,"28":0,"29":0,"30":0,"31":0,"32":0,"33":0,"34":0,"35":0,"36":0,"37":0,"38":1,"39":0,"40":0,"41":0,"42":0,"43":0,"44":0,"45":0,"46":0,"47":0,"48":0,"49":0,"50":1,"51":0,"52":0,"53":0,"54":1,"55":1,"56":0,"57":2,"58":2,"59":1,"60":1,"61":1,"62":0,"63":0,"64":0,"65":0,"66":0,"67":0,"68":0,"69":0,"70":0,"71":0,"72":1,"73":1},"f":{"0":2,"1":1,"2":0,"3":0,"4":0,"5":0,"6":0,"7":0,"8":0,"9":0,"10":1,"11":1,"12":0,"13":2,"14":1,"15":1,"16":0,"17":0,"18":0},"b":{"0":[0,1],"1":[0,0],"2":[0,0],"3":[0,0,0]}}
,"C:\\Users\\natal\\payment-checkout-app\\frontend\\src\\store\\slices\\productSlice.ts": {"path":"C:\\Users\\natal\\payment-checkout-app\\frontend\\src\\store\\slices\\productSlice.ts","statementMap":{"0":{"start":{"line":1,"column":0},"end":{"line":1,"column":65}},"1":{"start":{"line":4,"column":0},"end":{"line":4,"column":56}},"2":{"start":{"line":12,"column":35},"end":{"line":12,"column":77}},"3":{"start":{"line":14,"column":13},"end":{"line":17,"column":3}},"4":{"start":{"line":14,"column":78},"end":{"line":17,"column":2}},"5":{"start":{"line":15,"column":19},"end":{"line":15,"column":73}},"6":{"start":{"line":16,"column":2},"end":{"line":16,"column":19}},"7":{"start":{"line":19,"column":21},"end":{"line":33,"column":2}},"8":{"start":{"line":24,"column":4},"end":{"line":31,"column":9}},"9":{"start":{"line":25,"column":49},"end":{"line":25,"column":70}},"10":{"start":{"line":25,"column":71},"end":{"line":25,"column":90}},"11":{"start":{"line":27,"column":8},"end":{"line":27,"column":30}},"12":{"start":{"line":27,"column":31},"end":{"line":27,"column":60}},"13":{"start":{"line":30,"column":8},"end":{"line":30,"column":30}},"14":{"start":{"line":30,"column":31},"end":{"line":30,"column":96}},"15":{"start":{"line":35,"column":0},"end":{"line":35,"column":36}}},"fnMap":{"0":{"name":"(anonymous_7)","decl":{"start":{"line":14,"column":67},"end":{"line":14,"column":76}},"loc":{"start":{"line":14,"column":78},"end":{"line":17,"column":2}}},"1":{"name":"(anonymous_8)","decl":{"start":{"line":14,"column":78},"end":{"line":14,"column":null}},"loc":{"start":{"line":14,"column":78},"end":{"line":17,"column":1}}},"2":{"name":"(anonymous_9)","decl":{"start":{"line":23,"column":17},"end":{"line":23,"column":24}},"loc":{"start":{"line":23,"column":27},"end":{"line":32,"column":3}}},"3":{"name":"(anonymous_10)","decl":{"start":{"line":25,"column":38},"end":{"line":25,"column":43}},"loc":{"start":{"line":25,"column":46},"end":{"line":25,"column":92}}},"4":{"name":"(anonymous_11)","decl":{"start":{"line":26,"column":40},"end":{"line":26,"column":41}},"loc":{"start":{"line":26,"column":84},"end":{"line":28,"column":7}}},"5":{"name":"(anonymous_12)","decl":{"start":{"line":29,"column":39},"end":{"line":29,"column":40}},"loc":{"start":{"line":29,"column":57},"end":{"line":31,"column":7}}}},"branchMap":{"0":{"loc":{"start":{"line":30,"column":45},"end":{"line":30,"column":95}},"type":"cond-expr","locations":[{"start":{"line":30,"column":65},"end":{"line":30,"column":69}},{"start":{"line":30,"column":69},"end":{"line":30,"column":95}}]},"1":{"loc":{"start":{"line":30,"column":45},"end":{"line":30,"column":69}},"type":"binary-expr","locations":[{"start":{"line":30,"column":45},"end":{"line":30,"column":69}},{"start":{"line":30,"column":65},"end":{"line":30,"column":69}}]}},"s":{"0":0,"1":0,"2":0,"3":0,"4":0,"5":0,"6":0,"7":0,"8":0,"9":0,"10":0,"11":0,"12":0,"13":0,"14":0,"15":0},"f":{"0":0,"1":0,"2":0,"3":0,"4":0,"5":0},"b":{"0":[0,0],"1":[0,0]}}
,"C:\\Users\\natal\\payment-checkout-app\\frontend\\src\\store\\slices\\uiSlice.ts": {"path":"C:\\Users\\natal\\payment-checkout-app\\frontend\\src\\store\\slices\\uiSlice.ts","statementMap":{"0":{"start":{"line":1,"column":0},"end":{"line":1,"column":47}},"1":{"start":{"line":5,"column":30},"end":{"line":5,"column":61}},"2":{"start":{"line":7,"column":16},"end":{"line":15,"column":2}},"3":{"start":{"line":11,"column":56},"end":{"line":11,"column":87}},"4":{"start":{"line":12,"column":60},"end":{"line":12,"column":89}},"5":{"start":{"line":13,"column":24},"end":{"line":13,"column":43}},"6":{"start":{"line":17,"column":13},"end":{"line":17,"column":52}},"7":{"start":{"line":18,"column":0},"end":{"line":18,"column":31}}},"fnMap":{"0":{"name":"(anonymous_0)","decl":{"start":{"line":11,"column":4},"end":{"line":11,"column":14}},"loc":{"start":{"line":11,"column":52},"end":{"line":11,"column":89}}},"1":{"name":"(anonymous_1)","decl":{"start":{"line":12,"column":4},"end":{"line":12,"column":12}},"loc":{"start":{"line":12,"column":56},"end":{"line":12,"column":91}}},"2":{"name":"(anonymous_2)","decl":{"start":{"line":13,"column":4},"end":{"line":13,"column":14}},"loc":{"start":{"line":13,"column":20},"end":{"line":13,"column":45}}}},"branchMap":{},"s":{"0":1,"1":1,"2":1,"3":0,"4":0,"5":0,"6":1,"7":1},"f":{"0":0,"1":0,"2":0},"b":{}}
,"C:\\Users\\natal\\payment-checkout-app\\frontend\\src\\utils\\card.utils.ts": {"path":"C:\\Users\\natal\\payment-checkout-app\\frontend\\src\\utils\\card.utils.ts","statementMap":{"0":{"start":{"line":3,"column":0},"end":{"line":3,"column":16}},"1":{"start":{"line":9,"column":0},"end":{"line":9,"column":16}},"2":{"start":{"line":12,"column":0},"end":{"line":12,"column":16}},"3":{"start":{"line":16,"column":0},"end":{"line":16,"column":16}},"4":{"start":{"line":20,"column":0},"end":{"line":20,"column":16}},"5":{"start":{"line":4,"column":12},"end":{"line":4,"column":37}},"6":{"start":{"line":5,"column":2},"end":{"line":5,"column":34}},"7":{"start":{"line":5,"column":20},"end":{"line":5,"column":34}},"8":{"start":{"line":6,"column":2},"end":{"line":6,"column":53}},"9":{"start":{"line":6,"column":33},"end":{"line":6,"column":53}},"10":{"start":{"line":7,"column":2},"end":{"line":7,"column":19}},"11":{"start":{"line":10,"column":2},"end":{"line":10,"column":80}},"12":{"start":{"line":13,"column":12},"end":{"line":13,"column":48}},"13":{"start":{"line":14,"column":2},"end":{"line":14,"column":62}},"14":{"start":{"line":17,"column":14},"end":{"line":17,"column":24}},"15":{"start":{"line":18,"column":2},"end":{"line":18,"column":122}},"16":{"start":{"line":21,"column":41},"end":{"line":21,"column":43}},"17":{"start":{"line":22,"column":17},"end":{"line":22,"column":55}},"18":{"start":{"line":23,"column":2},"end":{"line":23,"column":76}},"19":{"start":{"line":23,"column":26},"end":{"line":23,"column":76}},"20":{"start":{"line":24,"column":2},"end":{"line":24,"column":128}},"21":{"start":{"line":24,"column":61},"end":{"line":24,"column":128}},"22":{"start":{"line":25,"column":2},"end":{"line":25,"column":87}},"23":{"start":{"line":25,"column":39},"end":{"line":25,"column":87}},"24":{"start":{"line":26,"column":2},"end":{"line":26,"column":125}},"25":{"start":{"line":26,"column":83},"end":{"line":26,"column":125}},"26":{"start":{"line":27,"column":2},"end":{"line":27,"column":82}},"27":{"start":{"line":27,"column":40},"end":{"line":27,"column":82}},"28":{"start":{"line":28,"column":2},"end":{"line":28,"column":16}}},"fnMap":{"0":{"name":"detectCardBrand","decl":{"start":{"line":3,"column":16},"end":{"line":3,"column":31}},"loc":{"start":{"line":3,"column":46},"end":{"line":8,"column":1}}},"1":{"name":"formatCardNumber","decl":{"start":{"line":9,"column":16},"end":{"line":9,"column":32}},"loc":{"start":{"line":9,"column":46},"end":{"line":11,"column":1}}},"2":{"name":"formatExpiry","decl":{"start":{"line":12,"column":16},"end":{"line":12,"column":28}},"loc":{"start":{"line":12,"column":42},"end":{"line":15,"column":1}}},"3":{"name":"isCardExpired","decl":{"start":{"line":16,"column":16},"end":{"line":16,"column":29}},"loc":{"start":{"line":16,"column":63},"end":{"line":19,"column":1}}},"4":{"name":"validateCard","decl":{"start":{"line":20,"column":16},"end":{"line":20,"column":28}},"loc":{"start":{"line":20,"column":52},"end":{"line":29,"column":1}}}},"branchMap":{"0":{"loc":{"start":{"line":5,"column":2},"end":{"line":5,"column":34}},"type":"if","locations":[{"start":{"line":5,"column":2},"end":{"line":5,"column":34}},{"start":{},"end":{}}]},"1":{"loc":{"start":{"line":6,"column":2},"end":{"line":6,"column":53}},"type":"if","locations":[{"start":{"line":6,"column":2},"end":{"line":6,"column":53}},{"start":{},"end":{}}]},"2":{"loc":{"start":{"line":14,"column":9},"end":{"line":14,"column":61}},"type":"cond-expr","locations":[{"start":{"line":14,"column":25},"end":{"line":14,"column":57}},{"start":{"line":14,"column":60},"end":{"line":14,"column":61}}]},"3":{"loc":{"start":{"line":22,"column":18},"end":{"line":22,"column":35}},"type":"cond-expr","locations":[{"start":{"line":22,"column":29},"end":{"line":22,"column":33}},{"start":{"line":22,"column":33},"end":{"line":22,"column":35}}]},"4":{"loc":{"start":{"line":22,"column":18},"end":{"line":22,"column":33}},"type":"binary-expr","locations":[{"start":{"line":22,"column":18},"end":{"line":22,"column":33}},{"start":{"line":22,"column":29},"end":{"line":22,"column":33}}]},"5":{"loc":{"start":{"line":23,"column":2},"end":{"line":23,"column":76}},"type":"if","locations":[{"start":{"line":23,"column":2},"end":{"line":23,"column":76}},{"start":{},"end":{}}]},"6":{"loc":{"start":{"line":24,"column":2},"end":{"line":24,"column":128}},"type":"if","locations":[{"start":{"line":24,"column":2},"end":{"line":24,"column":128}},{"start":{},"end":{}}]},"7":{"loc":{"start":{"line":24,"column":6},"end":{"line":24,"column":59}},"type":"binary-expr","locations":[{"start":{"line":24,"column":6},"end":{"line":24,"column":22}},{"start":{"line":24,"column":26},"end":{"line":24,"column":59}}]},"8":{"loc":{"start":{"line":25,"column":2},"end":{"line":25,"column":87}},"type":"if","locations":[{"start":{"line":25,"column":2},"end":{"line":25,"column":87}},{"start":{},"end":{}}]},"9":{"loc":{"start":{"line":25,"column":6},"end":{"line":25,"column":37}},"type":"binary-expr","locations":[{"start":{"line":25,"column":6},"end":{"line":25,"column":20}},{"start":{"line":25,"column":24},"end":{"line":25,"column":37}}]},"10":{"loc":{"start":{"line":26,"column":2},"end":{"line":26,"column":125}},"type":"if","locations":[{"start":{"line":26,"column":2},"end":{"line":26,"column":125}},{"start":{},"end":{}}]},"11":{"loc":{"start":{"line":26,"column":6},"end":{"line":26,"column":81}},"type":"binary-expr","locations":[{"start":{"line":26,"column":6},"end":{"line":26,"column":19}},{"start":{"line":26,"column":23},"end":{"line":26,"column":35}},{"start":{"line":26,"column":39},"end":{"line":26,"column":81}}]},"12":{"loc":{"start":{"line":27,"column":2},"end":{"line":27,"column":82}},"type":"if","locations":[{"start":{"line":27,"column":2},"end":{"line":27,"column":82}},{"start":{},"end":{}}]},"13":{"loc":{"start":{"line":27,"column":6},"end":{"line":27,"column":38}},"type":"binary-expr","locations":[{"start":{"line":27,"column":6},"end":{"line":27,"column":15}},{"start":{"line":27,"column":19},"end":{"line":27,"column":38}}]}},"s":{"0":1,"1":1,"2":1,"3":1,"4":1,"5":3,"6":3,"7":1,"8":2,"9":1,"10":1,"11":3,"12":2,"13":2,"14":3,"15":3,"16":2,"17":2,"18":2,"19":1,"20":2,"21":1,"22":2,"23":1,"24":2,"25":0,"26":2,"27":1,"28":2},"f":{"0":3,"1":3,"2":2,"3":3,"4":2},"b":{"0":[1,2],"1":[1,1],"2":[1,1],"3":[1,1],"4":[2,2],"5":[1,1],"6":[1,1],"7":[2,1],"8":[1,1],"9":[2,1],"10":[0,2],"11":[2,1,1],"12":[1,1],"13":[2,1]}}
,"C:\\Users\\natal\\payment-checkout-app\\frontend\\src\\utils\\currency.utils.ts": {"path":"C:\\Users\\natal\\payment-checkout-app\\frontend\\src\\utils\\currency.utils.ts","statementMap":{"0":{"start":{"line":1,"column":25},"end":{"line":2,"column":118}},"1":{"start":{"line":2,"column":2},"end":{"line":2,"column":118}},"2":{"start":{"line":1,"column":13},"end":{"line":1,"column":25}}},"fnMap":{"0":{"name":"(anonymous_0)","decl":{"start":{"line":1,"column":25},"end":{"line":1,"column":26}},"loc":{"start":{"line":2,"column":2},"end":{"line":2,"column":118}}}},"branchMap":{},"s":{"0":1,"1":3,"2":1},"f":{"0":3},"b":{}}
,"C:\\Users\\natal\\payment-checkout-app\\frontend\\src\\utils\\luhn.utils.ts": {"path":"C:\\Users\\natal\\payment-checkout-app\\frontend\\src\\utils\\luhn.utils.ts","statementMap":{"0":{"start":{"line":1,"column":0},"end":{"line":1,"column":16}},"1":{"start":{"line":2,"column":17},"end":{"line":2,"column":46}},"2":{"start":{"line":3,"column":12},"end":{"line":3,"column":13}},"3":{"start":{"line":4,"column":21},"end":{"line":4,"column":26}},"4":{"start":{"line":5,"column":2},"end":{"line":10,"column":3}},"5":{"start":{"line":5,"column":15},"end":{"line":5,"column":32}},"6":{"start":{"line":6,"column":16},"end":{"line":6,"column":39}},"7":{"start":{"line":7,"column":4},"end":{"line":7,"column":64}},"8":{"start":{"line":7,"column":24},"end":{"line":7,"column":35}},"9":{"start":{"line":7,"column":36},"end":{"line":7,"column":62}},"10":{"start":{"line":7,"column":51},"end":{"line":7,"column":62}},"11":{"start":{"line":8,"column":4},"end":{"line":8,"column":17}},"12":{"start":{"line":9,"column":4},"end":{"line":9,"column":33}},"13":{"start":{"line":11,"column":2},"end":{"line":11,"column":24}}},"fnMap":{"0":{"name":"luhnCheck","decl":{"start":{"line":1,"column":16},"end":{"line":1,"column":25}},"loc":{"start":{"line":1,"column":44},"end":{"line":12,"column":1}}}},"branchMap":{"0":{"loc":{"start":{"line":7,"column":4},"end":{"line":7,"column":64}},"type":"if","locations":[{"start":{"line":7,"column":4},"end":{"line":7,"column":64}},{"start":{},"end":{}}]},"1":{"loc":{"start":{"line":7,"column":36},"end":{"line":7,"column":62}},"type":"if","locations":[{"start":{"line":7,"column":36},"end":{"line":7,"column":62}},{"start":{},"end":{}}]}},"s":{"0":0,"1":0,"2":0,"3":0,"4":0,"5":0,"6":0,"7":0,"8":0,"9":0,"10":0,"11":0,"12":0,"13":0},"f":{"0":0},"b":{"0":[0,0],"1":[0,0]}}
}
