TN:
SF:src\store\index.ts
FN:14,(anonymous_1)
FNF:1
FNH:0
FNDA:0,(anonymous_1)
DA:1,0
DA:2,0
DA:4,0
DA:5,0
DA:6,0
DA:8,0
DA:14,0
DA:15,0
LF:8
LH:0
BRF:0
BRH:0
end_of_record
TN:
SF:src\store\slices\checkoutSlice.ts
FN:10,(anonymous_7)
FN:17,(anonymous_8)
FN:27,(anonymous_9)
FN:34,(anonymous_10)
FN:34,(anonymous_11)
FN:49,(anonymous_12)
FN:49,(anonymous_13)
FN:64,(anonymous_14)
FN:64,(anonymous_15)
FN:87,(anonymous_16)
FN:90,(anonymous_17)
FN:93,(anonymous_18)
FN:96,(anonymous_19)
FN:97,(anonymous_20)
FN:100,(anonymous_21)
FN:104,(anonymous_22)
FN:106,(anonymous_23)
FN:109,(anonymous_24)
FN:112,(anonymous_25)
FNF:19
FNH:7
FNDA:2,(anonymous_7)
FNDA:1,(anonymous_8)
FNDA:0,(anonymous_9)
FNDA:0,(anonymous_10)
FNDA:0,(anonymous_11)
FNDA:0,(anonymous_12)
FNDA:0,(anonymous_13)
FNDA:0,(anonymous_14)
FNDA:0,(anonymous_15)
FNDA:0,(anonymous_16)
FNDA:1,(anonymous_17)
FNDA:1,(anonymous_18)
FNDA:0,(anonymous_19)
FNDA:2,(anonymous_20)
FNDA:1,(anonymous_21)
FNDA:1,(anonymous_22)
FNDA:0,(anonymous_23)
FNDA:0,(anonymous_24)
FNDA:0,(anonymous_25)
DA:1,1
DA:4,1
DA:5,1
DA:6,1
DA:8,1
DA:10,1
DA:11,2
DA:14,2
DA:17,1
DA:18,1
DA:19,0
DA:22,1
DA:27,1
DA:28,0
DA:32,1
DA:34,0
DA:35,0
DA:36,0
DA:37,0
DA:38,0
DA:39,0
DA:41,0
DA:42,0
DA:47,1
DA:49,0
DA:50,0
DA:51,0
DA:52,0
DA:53,0
DA:54,0
DA:56,0
DA:57,0
DA:62,1
DA:64,0
DA:65,0
DA:66,0
DA:67,0
DA:68,0
DA:74,0
DA:75,0
DA:77,0
DA:78,0
DA:83,1
DA:88,0
DA:91,1
DA:94,1
DA:96,0
DA:98,2
DA:101,1
DA:105,1
DA:107,0
DA:110,0
DA:113,0
DA:114,0
DA:115,0
DA:120,1
DA:121,1
LF:57
LH:23
BRDA:18,0,0,0
BRDA:18,0,1,1
BRDA:28,1,0,0
BRDA:28,1,1,0
BRDA:28,2,0,0
BRDA:28,2,1,0
BRDA:28,3,0,0
BRDA:28,3,1,0
BRDA:28,3,2,0
BRF:9
BRH:1
end_of_record
TN:
SF:src\store\slices\productSlice.ts
FN:14,(anonymous_7)
FN:14,(anonymous_8)
FN:23,(anonymous_9)
FN:25,(anonymous_10)
FN:26,(anonymous_11)
FN:29,(anonymous_12)
FNF:6
FNH:0
FNDA:0,(anonymous_7)
FNDA:0,(anonymous_8)
FNDA:0,(anonymous_9)
FNDA:0,(anonymous_10)
FNDA:0,(anonymous_11)
FNDA:0,(anonymous_12)
DA:1,0
DA:4,0
DA:12,0
DA:14,0
DA:15,0
DA:16,0
DA:19,0
DA:24,0
DA:25,0
DA:27,0
DA:30,0
DA:35,0
LF:12
LH:0
BRDA:30,0,0,0
BRDA:30,0,1,0
BRDA:30,1,0,0
BRDA:30,1,1,0
BRF:4
BRH:0
end_of_record
TN:
SF:src\store\slices\uiSlice.ts
FN:11,(anonymous_0)
FN:12,(anonymous_1)
FN:13,(anonymous_2)
FNF:3
FNH:0
FNDA:0,(anonymous_0)
FNDA:0,(anonymous_1)
FNDA:0,(anonymous_2)
DA:1,1
DA:5,1
DA:7,1
DA:11,0
DA:12,0
DA:13,0
DA:17,1
DA:18,1
LF:8
LH:5
BRF:0
BRH:0
end_of_record
TN:
SF:src\utils\card.utils.ts
FN:3,detectCardBrand
FN:9,formatCardNumber
FN:12,formatExpiry
FN:16,isCardExpired
FN:20,validateCard
FNF:5
FNH:5
FNDA:3,detectCardBrand
FNDA:3,formatCardNumber
FNDA:2,formatExpiry
FNDA:3,isCardExpired
FNDA:2,validateCard
DA:3,1
DA:4,3
DA:5,3
DA:6,2
DA:7,1
DA:9,1
DA:10,3
DA:12,1
DA:13,2
DA:14,2
DA:16,1
DA:17,3
DA:18,3
DA:20,1
DA:21,2
DA:22,2
DA:23,2
DA:24,2
DA:25,2
DA:26,2
DA:27,2
DA:28,2
LF:22
LH:22
BRDA:5,0,0,1
BRDA:5,0,1,2
BRDA:6,1,0,1
BRDA:6,1,1,1
BRDA:14,2,0,1
BRDA:14,2,1,1
BRDA:22,3,0,1
BRDA:22,3,1,1
BRDA:22,4,0,2
BRDA:22,4,1,2
BRDA:23,5,0,1
BRDA:23,5,1,1
BRDA:24,6,0,1
BRDA:24,6,1,1
BRDA:24,7,0,2
BRDA:24,7,1,1
BRDA:25,8,0,1
BRDA:25,8,1,1
BRDA:25,9,0,2
BRDA:25,9,1,1
BRDA:26,10,0,0
BRDA:26,10,1,2
BRDA:26,11,0,2
BRDA:26,11,1,1
BRDA:26,11,2,1
BRDA:27,12,0,1
BRDA:27,12,1,1
BRDA:27,13,0,2
BRDA:27,13,1,1
BRF:29
BRH:28
end_of_record
TN:
SF:src\utils\currency.utils.ts
FN:1,(anonymous_0)
FNF:1
FNH:1
FNDA:3,(anonymous_0)
DA:1,1
DA:2,3
LF:2
LH:2
BRF:0
BRH:0
end_of_record
TN:
SF:src\utils\luhn.utils.ts
FN:1,luhnCheck
FNF:1
FNH:0
FNDA:0,luhnCheck
DA:1,0
DA:2,0
DA:3,0
DA:4,0
DA:5,0
DA:6,0
DA:7,0
DA:8,0
DA:9,0
DA:11,0
LF:10
LH:0
BRDA:7,0,0,0
BRDA:7,0,1,0
BRDA:7,1,0,0
BRDA:7,1,1,0
BRF:4
BRH:0
end_of_record
