<?xml version="1.0" encoding="UTF-8"?>
<coverage generated="1772993531397" clover="3.2.0">
  <project timestamp="1772993531398" name="All files">
    <metrics statements="171" coveredstatements="166" conditionals="68" coveredconditionals="53" methods="53" coveredmethods="48" elements="292" coveredelements="267" complexity="0" loc="171" ncloc="171" packages="11" files="17" classes="17"/>
    <package name="application.customer">
      <metrics statements="14" coveredstatements="14" conditionals="7" coveredconditionals="5" methods="2" coveredmethods="2"/>
      <file name="upsert-customer.use-case.ts" path="C:\Users\natal\payment-checkout-app\backend\src\application\customer\upsert-customer.use-case.ts">
        <metrics statements="14" coveredstatements="14" conditionals="7" coveredconditionals="5" methods="2" coveredmethods="2"/>
        <line num="1" count="1" type="stmt"/>
        <line num="2" count="1" type="stmt"/>
        <line num="3" count="1" type="stmt"/>
        <line num="4" count="1" type="stmt"/>
        <line num="5" count="1" type="stmt"/>
        <line num="12" count="1" type="stmt"/>
        <line num="13" count="3" type="cond" truecount="3" falsecount="1"/>
        <line num="15" count="3" type="stmt"/>
        <line num="16" count="3" type="stmt"/>
        <line num="17" count="2" type="cond" truecount="1" falsecount="0"/>
        <line num="18" count="1" type="stmt"/>
        <line num="22" count="1" type="stmt"/>
        <line num="23" count="1" type="stmt"/>
        <line num="25" count="1" type="cond" truecount="1" falsecount="1"/>
      </file>
    </package>
    <package name="application.payment">
      <metrics statements="31" coveredstatements="31" conditionals="25" coveredconditionals="19" methods="2" coveredmethods="2"/>
      <file name="process-payment.use-case.ts" path="C:\Users\natal\payment-checkout-app\backend\src\application\payment\process-payment.use-case.ts">
        <metrics statements="31" coveredstatements="31" conditionals="25" coveredconditionals="19" methods="2" coveredmethods="2"/>
        <line num="1" count="1" type="stmt"/>
        <line num="2" count="1" type="stmt"/>
        <line num="3" count="1" type="stmt"/>
        <line num="4" count="1" type="stmt"/>
        <line num="5" count="1" type="stmt"/>
        <line num="6" count="1" type="stmt"/>
        <line num="7" count="1" type="stmt"/>
        <line num="8" count="1" type="stmt"/>
        <line num="9" count="1" type="stmt"/>
        <line num="10" count="1" type="stmt"/>
        <line num="25" count="1" type="stmt"/>
        <line num="27" count="5" type="cond" truecount="6" falsecount="2"/>
        <line num="28" count="5" type="cond" truecount="3" falsecount="1"/>
        <line num="29" count="5" type="cond" truecount="3" falsecount="1"/>
        <line num="30" count="5" type="stmt"/>
        <line num="34" count="5" type="stmt"/>
        <line num="35" count="5" type="cond" truecount="1" falsecount="0"/>
        <line num="36" count="4" type="cond" truecount="1" falsecount="0"/>
        <line num="37" count="1" type="stmt"/>
        <line num="39" count="3" type="stmt"/>
        <line num="40" count="3" type="stmt"/>
        <line num="48" count="2" type="stmt"/>
        <line num="49" count="2" type="cond" truecount="2" falsecount="0"/>
        <line num="53" count="2" type="stmt"/>
        <line num="55" count="2" type="cond" truecount="1" falsecount="0"/>
        <line num="56" count="1" type="stmt"/>
        <line num="57" count="1" type="stmt"/>
        <line num="65" count="1" type="stmt"/>
        <line num="68" count="2" type="stmt"/>
        <line num="71" count="1" type="stmt"/>
        <line num="72" count="1" type="cond" truecount="1" falsecount="1"/>
      </file>
    </package>
    <package name="application.product">
      <metrics statements="18" coveredstatements="18" conditionals="11" coveredconditionals="8" methods="4" coveredmethods="4"/>
      <file name="get-product.use-case.ts" path="C:\Users\natal\payment-checkout-app\backend\src\application\product\get-product.use-case.ts">
        <metrics statements="9" coveredstatements="9" conditionals="5" coveredconditionals="4" methods="2" coveredmethods="2"/>
        <line num="1" count="1" type="stmt"/>
        <line num="2" count="1" type="stmt"/>
        <line num="3" count="1" type="stmt"/>
        <line num="4" count="1" type="stmt"/>
        <line num="8" count="1" type="stmt"/>
        <line num="9" count="3" type="cond" truecount="3" falsecount="1"/>
        <line num="11" count="3" type="stmt"/>
        <line num="12" count="3" type="cond" truecount="1" falsecount="0"/>
        <line num="13" count="2" type="stmt"/>
      </file>
      <file name="get-products.use-case.ts" path="C:\Users\natal\payment-checkout-app\backend\src\application\product\get-products.use-case.ts">
        <metrics statements="9" coveredstatements="9" conditionals="6" coveredconditionals="4" methods="2" coveredmethods="2"/>
        <line num="1" count="1" type="stmt"/>
        <line num="2" count="1" type="stmt"/>
        <line num="3" count="1" type="stmt"/>
        <line num="7" count="1" type="stmt"/>
        <line num="8" count="3" type="cond" truecount="3" falsecount="1"/>
        <line num="10" count="3" type="stmt"/>
        <line num="11" count="3" type="stmt"/>
        <line num="12" count="2" type="stmt"/>
        <line num="14" count="1" type="cond" truecount="1" falsecount="1"/>
      </file>
    </package>
    <package name="application.transaction">
      <metrics statements="30" coveredstatements="30" conditionals="20" coveredconditionals="16" methods="4" coveredmethods="4"/>
      <file name="create-transaction.use-case.ts" path="C:\Users\natal\payment-checkout-app\backend\src\application\transaction\create-transaction.use-case.ts">
        <metrics statements="21" coveredstatements="21" conditionals="15" coveredconditionals="12" methods="2" coveredmethods="2"/>
        <line num="1" count="1" type="stmt"/>
        <line num="2" count="1" type="stmt"/>
        <line num="3" count="1" type="stmt"/>
        <line num="4" count="1" type="stmt"/>
        <line num="5" count="1" type="stmt"/>
        <line num="6" count="1" type="stmt"/>
        <line num="7" count="1" type="stmt"/>
        <line num="8" count="1" type="stmt"/>
        <line num="15" count="1" type="stmt"/>
        <line num="17" count="4" type="cond" truecount="6" falsecount="2"/>
        <line num="18" count="4" type="cond" truecount="3" falsecount="1"/>
        <line num="19" count="4" type="stmt"/>
        <line num="23" count="4" type="stmt"/>
        <line num="24" count="4" type="cond" truecount="1" falsecount="0"/>
        <line num="25" count="3" type="cond" truecount="1" falsecount="0"/>
        <line num="27" count="2" type="stmt"/>
        <line num="28" count="2" type="cond" truecount="1" falsecount="0"/>
        <line num="30" count="1" type="stmt"/>
        <line num="31" count="1" type="stmt"/>
        <line num="41" count="1" type="stmt"/>
        <line num="42" count="1" type="stmt"/>
      </file>
      <file name="get-transaction.use-case.ts" path="C:\Users\natal\payment-checkout-app\backend\src\application\transaction\get-transaction.use-case.ts">
        <metrics statements="9" coveredstatements="9" conditionals="5" coveredconditionals="4" methods="2" coveredmethods="2"/>
        <line num="1" count="1" type="stmt"/>
        <line num="2" count="1" type="stmt"/>
        <line num="4" count="1" type="stmt"/>
        <line num="5" count="1" type="stmt"/>
        <line num="8" count="1" type="stmt"/>
        <line num="9" count="2" type="cond" truecount="3" falsecount="1"/>
        <line num="11" count="2" type="stmt"/>
        <line num="12" count="2" type="cond" truecount="1" falsecount="0"/>
        <line num="13" count="1" type="stmt"/>
      </file>
    </package>
    <package name="domain.customer">
      <metrics statements="5" coveredstatements="5" conditionals="0" coveredconditionals="0" methods="2" coveredmethods="2"/>
      <file name="customer.entity.ts" path="C:\Users\natal\payment-checkout-app\backend\src\domain\customer\customer.entity.ts">
        <metrics statements="4" coveredstatements="4" conditionals="0" coveredconditionals="0" methods="2" coveredmethods="2"/>
        <line num="4" count="2" type="stmt"/>
        <line num="8" count="5" type="stmt"/>
        <line num="9" count="5" type="stmt"/>
        <line num="12" count="1" type="stmt"/>
      </file>
      <file name="customer.repository.port.ts" path="C:\Users\natal\payment-checkout-app\backend\src\domain\customer\customer.repository.port.ts">
        <metrics statements="1" coveredstatements="1" conditionals="0" coveredconditionals="0" methods="0" coveredmethods="0"/>
        <line num="2" count="2" type="stmt"/>
      </file>
    </package>
    <package name="domain.delivery">
      <metrics statements="12" coveredstatements="9" conditionals="2" coveredconditionals="2" methods="5" coveredmethods="2"/>
      <file name="delivery.entity.ts" path="C:\Users\natal\payment-checkout-app\backend\src\domain\delivery\delivery.entity.ts">
        <metrics statements="11" coveredstatements="8" conditionals="2" coveredconditionals="2" methods="5" coveredmethods="2"/>
        <line num="1" count="1" type="cond" truecount="2" falsecount="0"/>
        <line num="2" count="1" type="stmt"/>
        <line num="9" count="1" type="stmt"/>
        <line num="15" count="1" type="stmt"/>
        <line num="16" count="1" type="stmt"/>
        <line num="17" count="1" type="stmt"/>
        <line num="18" count="1" type="stmt"/>
        <line num="19" count="1" type="stmt"/>
        <line num="21" count="0" type="stmt"/>
        <line num="23" count="0" type="stmt"/>
        <line num="26" count="0" type="stmt"/>
      </file>
      <file name="delivery.repository.port.ts" path="C:\Users\natal\payment-checkout-app\backend\src\domain\delivery\delivery.repository.port.ts">
        <metrics statements="1" coveredstatements="1" conditionals="0" coveredconditionals="0" methods="0" coveredmethods="0"/>
        <line num="2" count="1" type="stmt"/>
      </file>
    </package>
    <package name="domain.payment">
      <metrics statements="1" coveredstatements="1" conditionals="0" coveredconditionals="0" methods="0" coveredmethods="0"/>
      <file name="payment.port.ts" path="C:\Users\natal\payment-checkout-app\backend\src\domain\payment\payment.port.ts">
        <metrics statements="1" coveredstatements="1" conditionals="0" coveredconditionals="0" methods="0" coveredmethods="0"/>
        <line num="15" count="1" type="stmt"/>
      </file>
    </package>
    <package name="domain.product">
      <metrics statements="10" coveredstatements="10" conditionals="1" coveredconditionals="1" methods="5" coveredmethods="5"/>
      <file name="product.entity.ts" path="C:\Users\natal\payment-checkout-app\backend\src\domain\product\product.entity.ts">
        <metrics statements="9" coveredstatements="9" conditionals="1" coveredconditionals="1" methods="5" coveredmethods="5"/>
        <line num="6" count="1" type="stmt"/>
        <line num="11" count="7" type="stmt"/>
        <line num="12" count="7" type="stmt"/>
        <line num="13" count="7" type="stmt"/>
        <line num="15" count="3" type="stmt"/>
        <line num="16" count="4" type="stmt"/>
        <line num="18" count="2" type="cond" truecount="1" falsecount="0"/>
        <line num="19" count="1" type="stmt"/>
        <line num="22" count="2" type="stmt"/>
      </file>
      <file name="product.repository.port.ts" path="C:\Users\natal\payment-checkout-app\backend\src\domain\product\product.repository.port.ts">
        <metrics statements="1" coveredstatements="1" conditionals="0" coveredconditionals="0" methods="0" coveredmethods="0"/>
        <line num="2" count="4" type="stmt"/>
      </file>
    </package>
    <package name="domain.transaction">
      <metrics statements="20" coveredstatements="20" conditionals="2" coveredconditionals="2" methods="9" coveredmethods="9"/>
      <file name="transaction.entity.ts" path="C:\Users\natal\payment-checkout-app\backend\src\domain\transaction\transaction.entity.ts">
        <metrics statements="19" coveredstatements="19" conditionals="2" coveredconditionals="2" methods="9" coveredmethods="9"/>
        <line num="1" count="3" type="cond" truecount="2" falsecount="0"/>
        <line num="2" count="3" type="stmt"/>
        <line num="3" count="3" type="stmt"/>
        <line num="11" count="3" type="stmt"/>
        <line num="18" count="3" type="stmt"/>
        <line num="19" count="3" type="stmt"/>
        <line num="21" count="10" type="stmt"/>
        <line num="22" count="10" type="stmt"/>
        <line num="23" count="10" type="stmt"/>
        <line num="24" count="10" type="stmt"/>
        <line num="25" count="10" type="stmt"/>
        <line num="26" count="10" type="stmt"/>
        <line num="28" count="5" type="stmt"/>
        <line num="29" count="1" type="stmt"/>
        <line num="30" count="2" type="stmt"/>
        <line num="32" count="1" type="stmt"/>
        <line num="35" count="1" type="stmt"/>
        <line num="38" count="1" type="stmt"/>
        <line num="41" count="3" type="stmt"/>
      </file>
      <file name="transaction.repository.port.ts" path="C:\Users\natal\payment-checkout-app\backend\src\domain\transaction\transaction.repository.port.ts">
        <metrics statements="1" coveredstatements="1" conditionals="0" coveredconditionals="0" methods="0" coveredmethods="0"/>
        <line num="2" count="3" type="stmt"/>
      </file>
    </package>
    <package name="shared.errors">
      <metrics statements="12" coveredstatements="12" conditionals="0" coveredconditionals="0" methods="6" coveredmethods="6"/>
      <file name="domain.errors.ts" path="C:\Users\natal\payment-checkout-app\backend\src\shared\errors\domain.errors.ts">
        <metrics statements="12" coveredstatements="12" conditionals="0" coveredconditionals="0" methods="6" coveredmethods="6"/>
        <line num="1" count="4" type="stmt"/>
        <line num="2" count="2" type="stmt"/>
        <line num="4" count="4" type="stmt"/>
        <line num="5" count="1" type="stmt"/>
        <line num="7" count="4" type="stmt"/>
        <line num="8" count="2" type="stmt"/>
        <line num="10" count="4" type="stmt"/>
        <line num="11" count="1" type="stmt"/>
        <line num="13" count="4" type="stmt"/>
        <line num="14" count="1" type="stmt"/>
        <line num="16" count="4" type="stmt"/>
        <line num="17" count="1" type="stmt"/>
      </file>
    </package>
    <package name="shared.result">
      <metrics statements="18" coveredstatements="16" conditionals="0" coveredconditionals="0" methods="14" coveredmethods="12"/>
      <file name="result.ts" path="C:\Users\natal\payment-checkout-app\backend\src\shared\result\result.ts">
        <metrics statements="18" coveredstatements="16" conditionals="0" coveredconditionals="0" methods="14" coveredmethods="12"/>
        <line num="1" count="7" type="stmt"/>
        <line num="2" count="16" type="stmt"/>
        <line num="3" count="16" type="stmt"/>
        <line num="4" count="11" type="stmt"/>
        <line num="5" count="0" type="stmt"/>
        <line num="6" count="1" type="stmt"/>
        <line num="7" count="1" type="stmt"/>
        <line num="8" count="1" type="stmt"/>
        <line num="10" count="7" type="stmt"/>
        <line num="11" count="14" type="stmt"/>
        <line num="12" count="14" type="stmt"/>
        <line num="13" count="13" type="stmt"/>
        <line num="14" count="0" type="stmt"/>
        <line num="15" count="1" type="stmt"/>
        <line num="16" count="1" type="stmt"/>
        <line num="17" count="1" type="stmt"/>
        <line num="20" count="15" type="stmt"/>
        <line num="21" count="14" type="stmt"/>
      </file>
    </package>
  </project>
</coverage>
