{"C:\\Users\\natal\\payment-checkout-app\\backend\\src\\application\\customer\\upsert-customer.use-case.ts": {"path":"C:\\Users\\natal\\payment-checkout-app\\backend\\src\\application\\customer\\upsert-customer.use-case.ts","statementMap":{"0":{"start":{"line":1,"column":1},"end":{"line":1,"column":45}},"1":{"start":{"line":2,"column":0},"end":{"line":2,"column":34}},"2":{"start":{"line":3,"column":0},"end":{"line":3,"column":88}},"3":{"start":{"line":4,"column":0},"end":{"line":4,"column":65}},"4":{"start":{"line":5,"column":0},"end":{"line":5,"column":61}},"5":{"start":{"line":12,"column":7},"end":{"line":28,"column":null}},"6":{"start":{"line":13,"column":31},"end":{"line":13,"column":45}},"7":{"start":{"line":15,"column":4},"end":{"line":26,"column":5}},"8":{"start":{"line":16,"column":23},"end":{"line":16,"column":71}},"9":{"start":{"line":17,"column":6},"end":{"line":17,"column":40}},"10":{"start":{"line":17,"column":20},"end":{"line":17,"column":40}},"11":{"start":{"line":18,"column":23},"end":{"line":21,"column":8}},"12":{"start":{"line":22,"column":20},"end":{"line":22,"column":58}},"13":{"start":{"line":23,"column":6},"end":{"line":23,"column":23}},"14":{"start":{"line":25,"column":6},"end":{"line":25,"column":76}},"15":{"start":{"line":12,"column":13},"end":{"line":12,"column":34}},"16":{"start":{"line":12,"column":13},"end":{"line":28,"column":null}}},"fnMap":{"0":{"name":"(anonymous_2)","decl":{"start":{"line":13,"column":2},"end":{"line":13,"column":31}},"loc":{"start":{"line":13,"column":67},"end":{"line":13,"column":71}}},"1":{"name":"(anonymous_3)","decl":{"start":{"line":14,"column":2},"end":{"line":14,"column":7}},"loc":{"start":{"line":14,"column":42},"end":{"line":27,"column":3}}}},"branchMap":{"0":{"loc":{"start":{"line":17,"column":6},"end":{"line":17,"column":40}},"type":"if","locations":[{"start":{"line":17,"column":6},"end":{"line":17,"column":40}}]},"1":{"loc":{"start":{"line":25,"column":17},"end":{"line":25,"column":74}},"type":"cond-expr","locations":[{"start":{"line":25,"column":42},"end":{"line":25,"column":47}},{"start":{"line":25,"column":50},"end":{"line":25,"column":74}}]},"2":{"loc":{"start":{"line":13,"column":45},"end":{"line":13,"column":70}},"type":"cond-expr","locations":[{"start":{"line":13,"column":67},"end":{"line":13,"column":70}},{"start":{"line":13,"column":67},"end":{"line":13,"column":70}}]},"3":{"loc":{"start":{"line":13,"column":45},"end":{"line":13,"column":67}},"type":"binary-expr","locations":[{"start":{"line":13,"column":45},"end":{"line":13,"column":70}},{"start":{"line":13,"column":45},"end":{"line":13,"column":67}}]}},"s":{"0":1,"1":1,"2":1,"3":1,"4":1,"5":1,"6":3,"7":3,"8":3,"9":2,"10":1,"11":1,"12":1,"13":1,"14":1,"15":1,"16":1},"f":{"0":3,"1":3},"b":{"0":[1],"1":[1,0],"2":[1,0],"3":[1,1]}}
,"C:\\Users\\natal\\payment-checkout-app\\backend\\src\\application\\payment\\process-payment.use-case.ts": {"path":"C:\\Users\\natal\\payment-checkout-app\\backend\\src\\application\\payment\\process-payment.use-case.ts","statementMap":{"0":{"start":{"line":1,"column":1},"end":{"line":1,"column":45}},"1":{"start":{"line":2,"column":0},"end":{"line":2,"column":34}},"2":{"start":{"line":3,"column":0},"end":{"line":3,"column":64}},"3":{"start":{"line":4,"column":0},"end":{"line":4,"column":97}},"4":{"start":{"line":5,"column":0},"end":{"line":5,"column":85}},"5":{"start":{"line":6,"column":0},"end":{"line":6,"column":88}},"6":{"start":{"line":7,"column":0},"end":{"line":7,"column":81}},"7":{"start":{"line":8,"column":0},"end":{"line":8,"column":80}},"8":{"start":{"line":9,"column":0},"end":{"line":9,"column":128}},"9":{"start":{"line":10,"column":0},"end":{"line":10,"column":61}},"10":{"start":{"line":25,"column":7},"end":{"line":77,"column":null}},"11":{"start":{"line":27,"column":21},"end":{"line":27,"column":34}},"12":{"start":{"line":28,"column":21},"end":{"line":28,"column":38}},"13":{"start":{"line":29,"column":21},"end":{"line":29,"column":34}},"14":{"start":{"line":30,"column":21},"end":{"line":30,"column":35}},"15":{"start":{"line":34,"column":24},"end":{"line":34,"column":80}},"16":{"start":{"line":35,"column":4},"end":{"line":35,"column":84}},"17":{"start":{"line":35,"column":22},"end":{"line":35,"column":84}},"18":{"start":{"line":36,"column":4},"end":{"line":38,"column":5}},"19":{"start":{"line":37,"column":6},"end":{"line":37,"column":98}},"20":{"start":{"line":39,"column":4},"end":{"line":75,"column":5}},"21":{"start":{"line":40,"column":30},"end":{"line":46,"column":8}},"22":{"start":{"line":48,"column":25},"end":{"line":48,"column":62}},"23":{"start":{"line":49,"column":22},"end":{"line":51,"column":49}},"24":{"start":{"line":53,"column":6},"end":{"line":53,"column":49}},"25":{"start":{"line":55,"column":6},"end":{"line":66,"column":7}},"26":{"start":{"line":56,"column":8},"end":{"line":56,"column":69}},"27":{"start":{"line":57,"column":25},"end":{"line":64,"column":10}},"28":{"start":{"line":65,"column":8},"end":{"line":65,"column":47}},"29":{"start":{"line":68,"column":6},"end":{"line":69,"column":74}},"30":{"start":{"line":71,"column":6},"end":{"line":71,"column":67}},"31":{"start":{"line":72,"column":6},"end":{"line":74,"column":52}},"32":{"start":{"line":25,"column":13},"end":{"line":25,"column":34}},"33":{"start":{"line":25,"column":13},"end":{"line":77,"column":null}}},"fnMap":{"0":{"name":"(anonymous_2)","decl":{"start":{"line":26,"column":2},"end":{"line":26,"column":null}},"loc":{"start":{"line":30,"column":57},"end":{"line":31,"column":6}}},"1":{"name":"(anonymous_3)","decl":{"start":{"line":33,"column":2},"end":{"line":33,"column":7}},"loc":{"start":{"line":33,"column":42},"end":{"line":76,"column":3}}}},"branchMap":{"0":{"loc":{"start":{"line":35,"column":4},"end":{"line":35,"column":84}},"type":"if","locations":[{"start":{"line":35,"column":4},"end":{"line":35,"column":84}}]},"1":{"loc":{"start":{"line":36,"column":4},"end":{"line":38,"column":5}},"type":"if","locations":[{"start":{"line":36,"column":4},"end":{"line":38,"column":5}}]},"2":{"loc":{"start":{"line":45,"column":23},"end":{"line":45,"column":48}},"type":"binary-expr","locations":[{"start":{"line":45,"column":23},"end":{"line":45,"column":42}},{"start":{"line":45,"column":46},"end":{"line":45,"column":48}}]},"3":{"loc":{"start":{"line":49,"column":22},"end":{"line":51,"column":49}},"type":"cond-expr","locations":[{"start":{"line":50,"column":10},"end":{"line":50,"column":49}},{"start":{"line":51,"column":10},"end":{"line":51,"column":49}}]},"4":{"loc":{"start":{"line":55,"column":6},"end":{"line":66,"column":7}},"type":"if","locations":[{"start":{"line":55,"column":6},"end":{"line":66,"column":7}}]},"5":{"loc":{"start":{"line":72,"column":17},"end":{"line":74,"column":50}},"type":"cond-expr","locations":[{"start":{"line":73,"column":10},"end":{"line":73,"column":48}},{"start":{"line":74,"column":10},"end":{"line":74,"column":50}}]},"6":{"loc":{"start":{"line":27,"column":34},"end":{"line":27,"column":null}},"type":"cond-expr","locations":[{"start":{"line":27,"column":45},"end":{"line":27,"column":null}},{"start":{"line":27,"column":45},"end":{"line":27,"column":null}}]},"7":{"loc":{"start":{"line":27,"column":34},"end":{"line":27,"column":45}},"type":"binary-expr","locations":[{"start":{"line":27,"column":34},"end":{"line":27,"column":null}},{"start":{"line":27,"column":34},"end":{"line":27,"column":45}}]},"8":{"loc":{"start":{"line":27,"column":45},"end":{"line":28,"column":null}},"type":"cond-expr","locations":[{"start":{"line":28,"column":63},"end":{"line":28,"column":null}},{"start":{"line":28,"column":63},"end":{"line":28,"column":null}}]},"9":{"loc":{"start":{"line":27,"column":45},"end":{"line":28,"column":63}},"type":"binary-expr","locations":[{"start":{"line":27,"column":45},"end":{"line":28,"column":null}},{"start":{"line":28,"column":38},"end":{"line":28,"column":63}}]},"10":{"loc":{"start":{"line":28,"column":63},"end":{"line":29,"column":null}},"type":"cond-expr","locations":[{"start":{"line":29,"column":55},"end":{"line":29,"column":null}},{"start":{"line":29,"column":55},"end":{"line":29,"column":null}}]},"11":{"loc":{"start":{"line":28,"column":63},"end":{"line":29,"column":55}},"type":"binary-expr","locations":[{"start":{"line":28,"column":63},"end":{"line":29,"column":null}},{"start":{"line":29,"column":34},"end":{"line":29,"column":55}}]},"12":{"loc":{"start":{"line":29,"column":55},"end":{"line":30,"column":null}},"type":"cond-expr","locations":[{"start":{"line":30,"column":57},"end":{"line":30,"column":null}},{"start":{"line":30,"column":57},"end":{"line":30,"column":null}}]},"13":{"loc":{"start":{"line":29,"column":55},"end":{"line":30,"column":57}},"type":"binary-expr","locations":[{"start":{"line":29,"column":55},"end":{"line":30,"column":null}},{"start":{"line":30,"column":35},"end":{"line":30,"column":57}}]}},"s":{"0":1,"1":1,"2":1,"3":1,"4":1,"5":1,"6":1,"7":1,"8":1,"9":1,"10":1,"11":5,"12":5,"13":5,"14":5,"15":5,"16":5,"17":1,"18":4,"19":1,"20":3,"21":3,"22":2,"23":2,"24":2,"25":2,"26":1,"27":1,"28":1,"29":2,"30":1,"31":1,"32":1,"33":1},"f":{"0":5,"1":5},"b":{"0":[1],"1":[1],"2":[3,0],"3":[1,1],"4":[1],"5":[1,0],"6":[1,0],"7":[1,1],"8":[1,0],"9":[1,1],"10":[1,0],"11":[1,1],"12":[1,0],"13":[1,1]}}
,"C:\\Users\\natal\\payment-checkout-app\\backend\\src\\application\\product\\get-product.use-case.ts": {"path":"C:\\Users\\natal\\payment-checkout-app\\backend\\src\\application\\product\\get-product.use-case.ts","statementMap":{"0":{"start":{"line":1,"column":1},"end":{"line":1,"column":45}},"1":{"start":{"line":2,"column":0},"end":{"line":2,"column":85}},"2":{"start":{"line":3,"column":0},"end":{"line":3,"column":73}},"3":{"start":{"line":4,"column":0},"end":{"line":4,"column":61}},"4":{"start":{"line":8,"column":7},"end":{"line":15,"column":null}},"5":{"start":{"line":9,"column":31},"end":{"line":9,"column":44}},"6":{"start":{"line":11,"column":20},"end":{"line":11,"column":55}},"7":{"start":{"line":12,"column":4},"end":{"line":12,"column":59}},"8":{"start":{"line":12,"column":18},"end":{"line":12,"column":59}},"9":{"start":{"line":13,"column":4},"end":{"line":13,"column":23}},"10":{"start":{"line":8,"column":13},"end":{"line":8,"column":30}},"11":{"start":{"line":8,"column":13},"end":{"line":15,"column":null}}},"fnMap":{"0":{"name":"(anonymous_2)","decl":{"start":{"line":9,"column":2},"end":{"line":9,"column":31}},"loc":{"start":{"line":9,"column":65},"end":{"line":9,"column":69}}},"1":{"name":"(anonymous_3)","decl":{"start":{"line":10,"column":2},"end":{"line":10,"column":7}},"loc":{"start":{"line":10,"column":26},"end":{"line":14,"column":3}}}},"branchMap":{"0":{"loc":{"start":{"line":12,"column":4},"end":{"line":12,"column":59}},"type":"if","locations":[{"start":{"line":12,"column":4},"end":{"line":12,"column":59}}]},"1":{"loc":{"start":{"line":9,"column":44},"end":{"line":9,"column":68}},"type":"cond-expr","locations":[{"start":{"line":9,"column":65},"end":{"line":9,"column":68}},{"start":{"line":9,"column":65},"end":{"line":9,"column":68}}]},"2":{"loc":{"start":{"line":9,"column":44},"end":{"line":9,"column":65}},"type":"binary-expr","locations":[{"start":{"line":9,"column":44},"end":{"line":9,"column":68}},{"start":{"line":9,"column":44},"end":{"line":9,"column":65}}]}},"s":{"0":1,"1":1,"2":1,"3":1,"4":1,"5":3,"6":3,"7":3,"8":1,"9":2,"10":1,"11":1},"f":{"0":3,"1":3},"b":{"0":[1],"1":[1,0],"2":[1,1]}}
,"C:\\Users\\natal\\payment-checkout-app\\backend\\src\\application\\product\\get-products.use-case.ts": {"path":"C:\\Users\\natal\\payment-checkout-app\\backend\\src\\application\\product\\get-products.use-case.ts","statementMap":{"0":{"start":{"line":1,"column":1},"end":{"line":1,"column":45}},"1":{"start":{"line":2,"column":0},"end":{"line":2,"column":85}},"2":{"start":{"line":3,"column":0},"end":{"line":3,"column":61}},"3":{"start":{"line":7,"column":7},"end":{"line":17,"column":null}},"4":{"start":{"line":8,"column":31},"end":{"line":8,"column":44}},"5":{"start":{"line":10,"column":4},"end":{"line":15,"column":5}},"6":{"start":{"line":11,"column":23},"end":{"line":11,"column":55}},"7":{"start":{"line":12,"column":6},"end":{"line":12,"column":26}},"8":{"start":{"line":14,"column":6},"end":{"line":14,"column":76}},"9":{"start":{"line":7,"column":13},"end":{"line":7,"column":31}},"10":{"start":{"line":7,"column":13},"end":{"line":17,"column":null}}},"fnMap":{"0":{"name":"(anonymous_2)","decl":{"start":{"line":8,"column":2},"end":{"line":8,"column":31}},"loc":{"start":{"line":8,"column":65},"end":{"line":8,"column":69}}},"1":{"name":"(anonymous_3)","decl":{"start":{"line":9,"column":2},"end":{"line":9,"column":7}},"loc":{"start":{"line":9,"column":15},"end":{"line":16,"column":3}}}},"branchMap":{"0":{"loc":{"start":{"line":14,"column":17},"end":{"line":14,"column":74}},"type":"cond-expr","locations":[{"start":{"line":14,"column":42},"end":{"line":14,"column":47}},{"start":{"line":14,"column":50},"end":{"line":14,"column":74}}]},"1":{"loc":{"start":{"line":8,"column":44},"end":{"line":8,"column":68}},"type":"cond-expr","locations":[{"start":{"line":8,"column":65},"end":{"line":8,"column":68}},{"start":{"line":8,"column":65},"end":{"line":8,"column":68}}]},"2":{"loc":{"start":{"line":8,"column":44},"end":{"line":8,"column":65}},"type":"binary-expr","locations":[{"start":{"line":8,"column":44},"end":{"line":8,"column":68}},{"start":{"line":8,"column":44},"end":{"line":8,"column":65}}]}},"s":{"0":1,"1":1,"2":1,"3":1,"4":3,"5":3,"6":3,"7":2,"8":1,"9":1,"10":1},"f":{"0":3,"1":3},"b":{"0":[1,0],"1":[1,0],"2":[1,1]}}
,"C:\\Users\\natal\\payment-checkout-app\\backend\\src\\application\\transaction\\create-transaction.use-case.ts": {"path":"C:\\Users\\natal\\payment-checkout-app\\backend\\src\\application\\transaction\\create-transaction.use-case.ts","statementMap":{"0":{"start":{"line":1,"column":1},"end":{"line":1,"column":45}},"1":{"start":{"line":2,"column":0},"end":{"line":2,"column":34}},"2":{"start":{"line":3,"column":0},"end":{"line":3,"column":97}},"3":{"start":{"line":4,"column":0},"end":{"line":4,"column":85}},"4":{"start":{"line":5,"column":0},"end":{"line":5,"column":88}},"5":{"start":{"line":6,"column":0},"end":{"line":6,"column":93}},"6":{"start":{"line":7,"column":0},"end":{"line":7,"column":120}},"7":{"start":{"line":8,"column":0},"end":{"line":8,"column":61}},"8":{"start":{"line":15,"column":7},"end":{"line":44,"column":null}},"9":{"start":{"line":17,"column":21},"end":{"line":17,"column":38}},"10":{"start":{"line":18,"column":21},"end":{"line":18,"column":34}},"11":{"start":{"line":19,"column":21},"end":{"line":19,"column":35}},"12":{"start":{"line":23,"column":20},"end":{"line":23,"column":68}},"13":{"start":{"line":24,"column":4},"end":{"line":24,"column":72}},"14":{"start":{"line":24,"column":18},"end":{"line":24,"column":72}},"15":{"start":{"line":25,"column":4},"end":{"line":25,"column":100}},"16":{"start":{"line":25,"column":29},"end":{"line":25,"column":100}},"17":{"start":{"line":27,"column":21},"end":{"line":27,"column":71}},"18":{"start":{"line":28,"column":4},"end":{"line":28,"column":75}},"19":{"start":{"line":28,"column":19},"end":{"line":28,"column":75}},"20":{"start":{"line":30,"column":22},"end":{"line":30,"column":82}},"21":{"start":{"line":31,"column":24},"end":{"line":40,"column":6}},"22":{"start":{"line":41,"column":18},"end":{"line":41,"column":62}},"23":{"start":{"line":42,"column":4},"end":{"line":42,"column":21}},"24":{"start":{"line":15,"column":13},"end":{"line":15,"column":37}},"25":{"start":{"line":15,"column":13},"end":{"line":44,"column":null}}},"fnMap":{"0":{"name":"(anonymous_2)","decl":{"start":{"line":16,"column":2},"end":{"line":16,"column":null}},"loc":{"start":{"line":19,"column":57},"end":{"line":20,"column":6}}},"1":{"name":"(anonymous_3)","decl":{"start":{"line":22,"column":2},"end":{"line":22,"column":7}},"loc":{"start":{"line":22,"column":45},"end":{"line":43,"column":3}}}},"branchMap":{"0":{"loc":{"start":{"line":24,"column":4},"end":{"line":24,"column":72}},"type":"if","locations":[{"start":{"line":24,"column":4},"end":{"line":24,"column":72}}]},"1":{"loc":{"start":{"line":25,"column":4},"end":{"line":25,"column":100}},"type":"if","locations":[{"start":{"line":25,"column":4},"end":{"line":25,"column":100}}]},"2":{"loc":{"start":{"line":28,"column":4},"end":{"line":28,"column":75}},"type":"if","locations":[{"start":{"line":28,"column":4},"end":{"line":28,"column":75}}]},"3":{"loc":{"start":{"line":17,"column":38},"end":{"line":17,"column":null}},"type":"cond-expr","locations":[{"start":{"line":17,"column":63},"end":{"line":17,"column":null}},{"start":{"line":17,"column":63},"end":{"line":17,"column":null}}]},"4":{"loc":{"start":{"line":17,"column":38},"end":{"line":17,"column":63}},"type":"binary-expr","locations":[{"start":{"line":17,"column":38},"end":{"line":17,"column":null}},{"start":{"line":17,"column":38},"end":{"line":17,"column":63}}]},"5":{"loc":{"start":{"line":17,"column":63},"end":{"line":18,"column":null}},"type":"cond-expr","locations":[{"start":{"line":18,"column":55},"end":{"line":18,"column":null}},{"start":{"line":18,"column":55},"end":{"line":18,"column":null}}]},"6":{"loc":{"start":{"line":17,"column":63},"end":{"line":18,"column":55}},"type":"binary-expr","locations":[{"start":{"line":17,"column":63},"end":{"line":18,"column":null}},{"start":{"line":18,"column":34},"end":{"line":18,"column":55}}]},"7":{"loc":{"start":{"line":18,"column":55},"end":{"line":19,"column":null}},"type":"cond-expr","locations":[{"start":{"line":19,"column":57},"end":{"line":19,"column":null}},{"start":{"line":19,"column":57},"end":{"line":19,"column":null}}]},"8":{"loc":{"start":{"line":18,"column":55},"end":{"line":19,"column":57}},"type":"binary-expr","locations":[{"start":{"line":18,"column":55},"end":{"line":19,"column":null}},{"start":{"line":19,"column":35},"end":{"line":19,"column":57}}]}},"s":{"0":1,"1":1,"2":1,"3":1,"4":1,"5":1,"6":1,"7":1,"8":1,"9":4,"10":4,"11":4,"12":4,"13":4,"14":1,"15":3,"16":1,"17":2,"18":2,"19":1,"20":1,"21":1,"22":1,"23":1,"24":1,"25":1},"f":{"0":4,"1":4},"b":{"0":[1],"1":[1],"2":[1],"3":[1,0],"4":[1,1],"5":[1,0],"6":[1,1],"7":[1,0],"8":[1,1]}}
,"C:\\Users\\natal\\payment-checkout-app\\backend\\src\\application\\transaction\\get-transaction.use-case.ts": {"path":"C:\\Users\\natal\\payment-checkout-app\\backend\\src\\application\\transaction\\get-transaction.use-case.ts","statementMap":{"0":{"start":{"line":1,"column":1},"end":{"line":1,"column":45}},"1":{"start":{"line":2,"column":0},"end":{"line":2,"column":97}},"2":{"start":{"line":4,"column":0},"end":{"line":4,"column":77}},"3":{"start":{"line":5,"column":0},"end":{"line":5,"column":61}},"4":{"start":{"line":8,"column":7},"end":{"line":15,"column":null}},"5":{"start":{"line":9,"column":31},"end":{"line":9,"column":48}},"6":{"start":{"line":11,"column":24},"end":{"line":11,"column":63}},"7":{"start":{"line":12,"column":4},"end":{"line":12,"column":67}},"8":{"start":{"line":12,"column":22},"end":{"line":12,"column":67}},"9":{"start":{"line":13,"column":4},"end":{"line":13,"column":27}},"10":{"start":{"line":8,"column":13},"end":{"line":8,"column":34}},"11":{"start":{"line":8,"column":13},"end":{"line":15,"column":null}}},"fnMap":{"0":{"name":"(anonymous_2)","decl":{"start":{"line":9,"column":2},"end":{"line":9,"column":31}},"loc":{"start":{"line":9,"column":73},"end":{"line":9,"column":77}}},"1":{"name":"(anonymous_3)","decl":{"start":{"line":10,"column":2},"end":{"line":10,"column":7}},"loc":{"start":{"line":10,"column":26},"end":{"line":14,"column":3}}}},"branchMap":{"0":{"loc":{"start":{"line":12,"column":4},"end":{"line":12,"column":67}},"type":"if","locations":[{"start":{"line":12,"column":4},"end":{"line":12,"column":67}}]},"1":{"loc":{"start":{"line":9,"column":48},"end":{"line":9,"column":76}},"type":"cond-expr","locations":[{"start":{"line":9,"column":73},"end":{"line":9,"column":76}},{"start":{"line":9,"column":73},"end":{"line":9,"column":76}}]},"2":{"loc":{"start":{"line":9,"column":48},"end":{"line":9,"column":73}},"type":"binary-expr","locations":[{"start":{"line":9,"column":48},"end":{"line":9,"column":76}},{"start":{"line":9,"column":48},"end":{"line":9,"column":73}}]}},"s":{"0":1,"1":1,"2":1,"3":1,"4":1,"5":2,"6":2,"7":2,"8":1,"9":1,"10":1,"11":1},"f":{"0":2,"1":2},"b":{"0":[1],"1":[1,0],"2":[1,1]}}
,"C:\\Users\\natal\\payment-checkout-app\\backend\\src\\domain\\customer\\customer.entity.ts": {"path":"C:\\Users\\natal\\payment-checkout-app\\backend\\src\\domain\\customer\\customer.entity.ts","statementMap":{"0":{"start":{"line":8,"column":4},"end":{"line":8,"column":23}},"1":{"start":{"line":8,"column":24},"end":{"line":8,"column":49}},"2":{"start":{"line":9,"column":4},"end":{"line":9,"column":35}},"3":{"start":{"line":9,"column":36},"end":{"line":9,"column":61}},"4":{"start":{"line":9,"column":62},"end":{"line":9,"column":95}},"5":{"start":{"line":12,"column":4},"end":{"line":12,"column":117}},"6":{"start":{"line":4,"column":0},"end":{"line":4,"column":13}}},"fnMap":{"0":{"name":"(anonymous_0)","decl":{"start":{"line":7,"column":2},"end":{"line":7,"column":14}},"loc":{"start":{"line":7,"column":34},"end":{"line":10,"column":3}}},"1":{"name":"(anonymous_1)","decl":{"start":{"line":11,"column":2},"end":{"line":11,"column":9}},"loc":{"start":{"line":11,"column":9},"end":{"line":13,"column":3}}}},"branchMap":{},"s":{"0":5,"1":5,"2":5,"3":5,"4":5,"5":1,"6":2},"f":{"0":5,"1":1},"b":{}}
,"C:\\Users\\natal\\payment-checkout-app\\backend\\src\\domain\\customer\\customer.repository.port.ts": {"path":"C:\\Users\\natal\\payment-checkout-app\\backend\\src\\domain\\customer\\customer.repository.port.ts","statementMap":{"0":{"start":{"line":2,"column":0},"end":{"line":2,"column":22}}},"fnMap":{},"branchMap":{},"s":{"0":2},"f":{},"b":{}}
,"C:\\Users\\natal\\payment-checkout-app\\backend\\src\\domain\\delivery\\delivery.entity.ts": {"path":"C:\\Users\\natal\\payment-checkout-app\\backend\\src\\domain\\delivery\\delivery.entity.ts","statementMap":{"0":{"start":{"line":1,"column":1},"end":{"line":1,"column":null}},"1":{"start":{"line":2,"column":2},"end":{"line":2,"column":23}},"2":{"start":{"line":2,"column":23},"end":{"line":2,"column":46}},"3":{"start":{"line":2,"column":46},"end":{"line":2,"column":67}},"4":{"start":{"line":2,"column":67},"end":{"line":2,"column":null}},"5":{"start":{"line":15,"column":4},"end":{"line":15,"column":23}},"6":{"start":{"line":15,"column":24},"end":{"line":15,"column":65}},"7":{"start":{"line":16,"column":4},"end":{"line":16,"column":39}},"8":{"start":{"line":16,"column":40},"end":{"line":16,"column":73}},"9":{"start":{"line":17,"column":4},"end":{"line":17,"column":33}},"10":{"start":{"line":17,"column":34},"end":{"line":17,"column":57}},"11":{"start":{"line":18,"column":4},"end":{"line":18,"column":39}},"12":{"start":{"line":18,"column":40},"end":{"line":18,"column":75}},"13":{"start":{"line":19,"column":4},"end":{"line":19,"column":32}},"14":{"start":{"line":19,"column":33},"end":{"line":19,"column":66}},"15":{"start":{"line":19,"column":67},"end":{"line":19,"column":100}},"16":{"start":{"line":21,"column":33},"end":{"line":21,"column":53}},"17":{"start":{"line":23,"column":4},"end":{"line":23,"column":103}},"18":{"start":{"line":26,"column":4},"end":{"line":29,"column":83}},"19":{"start":{"line":9,"column":0},"end":{"line":9,"column":13}}},"fnMap":{"0":{"name":"(anonymous_0)","decl":{"start":{"line":1,"column":1},"end":{"line":1,"column":13}},"loc":{"start":{"line":1,"column":27},"end":{"line":3,"column":1}}},"1":{"name":"(anonymous_1)","decl":{"start":{"line":14,"column":2},"end":{"line":14,"column":14}},"loc":{"start":{"line":14,"column":34},"end":{"line":20,"column":3}}},"2":{"name":"(anonymous_2)","decl":{"start":{"line":21,"column":2},"end":{"line":21,"column":6}},"loc":{"start":{"line":21,"column":12},"end":{"line":21,"column":55}}},"3":{"name":"(anonymous_3)","decl":{"start":{"line":22,"column":2},"end":{"line":22,"column":8}},"loc":{"start":{"line":22,"column":8},"end":{"line":24,"column":3}}},"4":{"name":"(anonymous_4)","decl":{"start":{"line":25,"column":2},"end":{"line":25,"column":9}},"loc":{"start":{"line":25,"column":9},"end":{"line":30,"column":3}}}},"branchMap":{"0":{"loc":{"start":{"line":1,"column":13},"end":{"line":1,"column":null}},"type":"binary-expr","locations":[{"start":{"line":1,"column":13},"end":{"line":1,"column":27}},{"start":{"line":1,"column":27},"end":{"line":1,"column":null}}]}},"s":{"0":1,"1":1,"2":1,"3":1,"4":1,"5":1,"6":1,"7":1,"8":1,"9":1,"10":1,"11":1,"12":1,"13":1,"14":1,"15":1,"16":0,"17":0,"18":0,"19":1},"f":{"0":1,"1":1,"2":0,"3":0,"4":0},"b":{"0":[1,1]}}
,"C:\\Users\\natal\\payment-checkout-app\\backend\\src\\domain\\delivery\\delivery.repository.port.ts": {"path":"C:\\Users\\natal\\payment-checkout-app\\backend\\src\\domain\\delivery\\delivery.repository.port.ts","statementMap":{"0":{"start":{"line":2,"column":0},"end":{"line":2,"column":22}}},"fnMap":{},"branchMap":{},"s":{"0":1},"f":{},"b":{}}
,"C:\\Users\\natal\\payment-checkout-app\\backend\\src\\domain\\payment\\payment.port.ts": {"path":"C:\\Users\\natal\\payment-checkout-app\\backend\\src\\domain\\payment\\payment.port.ts","statementMap":{"0":{"start":{"line":15,"column":0},"end":{"line":15,"column":22}}},"fnMap":{},"branchMap":{},"s":{"0":1},"f":{},"b":{}}
,"C:\\Users\\natal\\payment-checkout-app\\backend\\src\\domain\\product\\product.entity.ts": {"path":"C:\\Users\\natal\\payment-checkout-app\\backend\\src\\domain\\product\\product.entity.ts","statementMap":{"0":{"start":{"line":11,"column":4},"end":{"line":11,"column":23}},"1":{"start":{"line":11,"column":24},"end":{"line":11,"column":47}},"2":{"start":{"line":11,"column":48},"end":{"line":11,"column":85}},"3":{"start":{"line":12,"column":4},"end":{"line":12,"column":43}},"4":{"start":{"line":12,"column":44},"end":{"line":12,"column":70}},"5":{"start":{"line":13,"column":4},"end":{"line":13,"column":35}},"6":{"start":{"line":13,"column":36},"end":{"line":13,"column":69}},"7":{"start":{"line":13,"column":70},"end":{"line":13,"column":103}},"8":{"start":{"line":15,"column":24},"end":{"line":15,"column":43}},"9":{"start":{"line":16,"column":24},"end":{"line":16,"column":47}},"10":{"start":{"line":18,"column":4},"end":{"line":18,"column":64}},"11":{"start":{"line":18,"column":26},"end":{"line":18,"column":64}},"12":{"start":{"line":19,"column":4},"end":{"line":19,"column":70}},"13":{"start":{"line":22,"column":4},"end":{"line":24,"column":61}},"14":{"start":{"line":6,"column":0},"end":{"line":6,"column":13}}},"fnMap":{"0":{"name":"(anonymous_0)","decl":{"start":{"line":10,"column":2},"end":{"line":10,"column":14}},"loc":{"start":{"line":10,"column":33},"end":{"line":14,"column":3}}},"1":{"name":"(anonymous_1)","decl":{"start":{"line":15,"column":2},"end":{"line":15,"column":6}},"loc":{"start":{"line":15,"column":11},"end":{"line":15,"column":45}}},"2":{"name":"(anonymous_2)","decl":{"start":{"line":16,"column":2},"end":{"line":16,"column":10}},"loc":{"start":{"line":16,"column":10},"end":{"line":16,"column":49}}},"3":{"name":"(anonymous_3)","decl":{"start":{"line":17,"column":2},"end":{"line":17,"column":16}},"loc":{"start":{"line":17,"column":16},"end":{"line":20,"column":3}}},"4":{"name":"(anonymous_4)","decl":{"start":{"line":21,"column":2},"end":{"line":21,"column":9}},"loc":{"start":{"line":21,"column":9},"end":{"line":25,"column":3}}}},"branchMap":{"0":{"loc":{"start":{"line":18,"column":4},"end":{"line":18,"column":64}},"type":"if","locations":[{"start":{"line":18,"column":4},"end":{"line":18,"column":64}}]}},"s":{"0":7,"1":7,"2":7,"3":7,"4":7,"5":7,"6":7,"7":7,"8":3,"9":4,"10":2,"11":1,"12":1,"13":2,"14":1},"f":{"0":7,"1":3,"2":4,"3":2,"4":2},"b":{"0":[1]}}
,"C:\\Users\\natal\\payment-checkout-app\\backend\\src\\domain\\product\\product.repository.port.ts": {"path":"C:\\Users\\natal\\payment-checkout-app\\backend\\src\\domain\\product\\product.repository.port.ts","statementMap":{"0":{"start":{"line":2,"column":0},"end":{"line":2,"column":22}}},"fnMap":{},"branchMap":{},"s":{"0":4},"f":{},"b":{}}
,"C:\\Users\\natal\\payment-checkout-app\\backend\\src\\domain\\transaction\\transaction.entity.ts": {"path":"C:\\Users\\natal\\payment-checkout-app\\backend\\src\\domain\\transaction\\transaction.entity.ts","statementMap":{"0":{"start":{"line":1,"column":1},"end":{"line":1,"column":null}},"1":{"start":{"line":2,"column":2},"end":{"line":2,"column":23}},"2":{"start":{"line":2,"column":23},"end":{"line":2,"column":46}},"3":{"start":{"line":2,"column":46},"end":{"line":2,"column":null}},"4":{"start":{"line":3,"column":2},"end":{"line":3,"column":21}},"5":{"start":{"line":3,"column":21},"end":{"line":3,"column":null}},"6":{"start":{"line":18,"column":38},"end":{"line":18,"column":44}},"7":{"start":{"line":19,"column":42},"end":{"line":19,"column":48}},"8":{"start":{"line":21,"column":4},"end":{"line":21,"column":23}},"9":{"start":{"line":21,"column":24},"end":{"line":21,"column":57}},"10":{"start":{"line":22,"column":4},"end":{"line":22,"column":37}},"11":{"start":{"line":22,"column":38},"end":{"line":22,"column":73}},"12":{"start":{"line":23,"column":4},"end":{"line":23,"column":45}},"13":{"start":{"line":23,"column":46},"end":{"line":23,"column":89}},"14":{"start":{"line":24,"column":4},"end":{"line":24,"column":55}},"15":{"start":{"line":24,"column":56},"end":{"line":24,"column":95}},"16":{"start":{"line":25,"column":4},"end":{"line":25,"column":32}},"17":{"start":{"line":25,"column":33},"end":{"line":25,"column":85}},"18":{"start":{"line":26,"column":4},"end":{"line":26,"column":37}},"19":{"start":{"line":26,"column":38},"end":{"line":26,"column":71}},"20":{"start":{"line":28,"column":36},"end":{"line":28,"column":56}},"21":{"start":{"line":29,"column":49},"end":{"line":29,"column":81}},"22":{"start":{"line":30,"column":25},"end":{"line":30,"column":75}},"23":{"start":{"line":32,"column":4},"end":{"line":32,"column":138}},"24":{"start":{"line":35,"column":4},"end":{"line":35,"column":138}},"25":{"start":{"line":38,"column":4},"end":{"line":38,"column":106}},"26":{"start":{"line":41,"column":4},"end":{"line":45,"column":107}},"27":{"start":{"line":11,"column":0},"end":{"line":11,"column":13}}},"fnMap":{"0":{"name":"(anonymous_0)","decl":{"start":{"line":1,"column":1},"end":{"line":1,"column":13}},"loc":{"start":{"line":1,"column":30},"end":{"line":4,"column":1}}},"1":{"name":"(anonymous_1)","decl":{"start":{"line":20,"column":2},"end":{"line":20,"column":14}},"loc":{"start":{"line":20,"column":37},"end":{"line":27,"column":3}}},"2":{"name":"(anonymous_2)","decl":{"start":{"line":28,"column":2},"end":{"line":28,"column":6}},"loc":{"start":{"line":28,"column":12},"end":{"line":28,"column":58}}},"3":{"name":"(anonymous_3)","decl":{"start":{"line":29,"column":2},"end":{"line":29,"column":6}},"loc":{"start":{"line":29,"column":24},"end":{"line":29,"column":83}}},"4":{"name":"(anonymous_4)","decl":{"start":{"line":30,"column":2},"end":{"line":30,"column":11}},"loc":{"start":{"line":30,"column":11},"end":{"line":30,"column":77}}},"5":{"name":"(anonymous_5)","decl":{"start":{"line":31,"column":2},"end":{"line":31,"column":9}},"loc":{"start":{"line":31,"column":25},"end":{"line":33,"column":3}}},"6":{"name":"(anonymous_6)","decl":{"start":{"line":34,"column":2},"end":{"line":34,"column":9}},"loc":{"start":{"line":34,"column":25},"end":{"line":36,"column":3}}},"7":{"name":"(anonymous_7)","decl":{"start":{"line":37,"column":2},"end":{"line":37,"column":13}},"loc":{"start":{"line":37,"column":13},"end":{"line":39,"column":3}}},"8":{"name":"(anonymous_8)","decl":{"start":{"line":40,"column":2},"end":{"line":40,"column":9}},"loc":{"start":{"line":40,"column":9},"end":{"line":46,"column":3}}}},"branchMap":{"0":{"loc":{"start":{"line":1,"column":13},"end":{"line":1,"column":null}},"type":"binary-expr","locations":[{"start":{"line":1,"column":13},"end":{"line":1,"column":30}},{"start":{"line":1,"column":30},"end":{"line":1,"column":null}}]}},"s":{"0":3,"1":3,"2":3,"3":3,"4":3,"5":3,"6":3,"7":3,"8":10,"9":10,"10":10,"11":10,"12":10,"13":10,"14":10,"15":10,"16":10,"17":10,"18":10,"19":10,"20":5,"21":1,"22":2,"23":1,"24":1,"25":1,"26":3,"27":3},"f":{"0":3,"1":10,"2":5,"3":1,"4":2,"5":1,"6":1,"7":1,"8":3},"b":{"0":[3,3]}}
,"C:\\Users\\natal\\payment-checkout-app\\backend\\src\\domain\\transaction\\transaction.repository.port.ts": {"path":"C:\\Users\\natal\\payment-checkout-app\\backend\\src\\domain\\transaction\\transaction.repository.port.ts","statementMap":{"0":{"start":{"line":2,"column":0},"end":{"line":2,"column":22}}},"fnMap":{},"branchMap":{},"s":{"0":3},"f":{},"b":{}}
,"C:\\Users\\natal\\payment-checkout-app\\backend\\src\\shared\\errors\\domain.errors.ts": {"path":"C:\\Users\\natal\\payment-checkout-app\\backend\\src\\shared\\errors\\domain.errors.ts","statementMap":{"0":{"start":{"line":2,"column":28},"end":{"line":2,"column":74}},"1":{"start":{"line":2,"column":75},"end":{"line":2,"column":110}},"2":{"start":{"line":1,"column":1},"end":{"line":1,"column":14}},"3":{"start":{"line":5,"column":54},"end":{"line":5,"column":137}},"4":{"start":{"line":5,"column":138},"end":{"line":5,"column":175}},"5":{"start":{"line":4,"column":0},"end":{"line":4,"column":13}},"6":{"start":{"line":8,"column":28},"end":{"line":8,"column":78}},"7":{"start":{"line":8,"column":79},"end":{"line":8,"column":118}},"8":{"start":{"line":7,"column":0},"end":{"line":7,"column":13}},"9":{"start":{"line":11,"column":28},"end":{"line":11,"column":67}},"10":{"start":{"line":11,"column":68},"end":{"line":11,"column":104}},"11":{"start":{"line":10,"column":0},"end":{"line":10,"column":13}},"12":{"start":{"line":14,"column":33},"end":{"line":14,"column":76}},"13":{"start":{"line":14,"column":77},"end":{"line":14,"column":111}},"14":{"start":{"line":13,"column":0},"end":{"line":13,"column":13}},"15":{"start":{"line":17,"column":51},"end":{"line":17,"column":123}},"16":{"start":{"line":17,"column":124},"end":{"line":17,"column":167}},"17":{"start":{"line":16,"column":0},"end":{"line":16,"column":13}}},"fnMap":{"0":{"name":"(anonymous_0)","decl":{"start":{"line":2,"column":2},"end":{"line":2,"column":14}},"loc":{"start":{"line":2,"column":24},"end":{"line":2,"column":112}}},"1":{"name":"(anonymous_1)","decl":{"start":{"line":5,"column":2},"end":{"line":5,"column":14}},"loc":{"start":{"line":5,"column":50},"end":{"line":5,"column":177}}},"2":{"name":"(anonymous_2)","decl":{"start":{"line":8,"column":2},"end":{"line":8,"column":14}},"loc":{"start":{"line":8,"column":24},"end":{"line":8,"column":120}}},"3":{"name":"(anonymous_3)","decl":{"start":{"line":11,"column":2},"end":{"line":11,"column":14}},"loc":{"start":{"line":11,"column":24},"end":{"line":11,"column":106}}},"4":{"name":"(anonymous_4)","decl":{"start":{"line":14,"column":2},"end":{"line":14,"column":14}},"loc":{"start":{"line":14,"column":29},"end":{"line":14,"column":113}}},"5":{"name":"(anonymous_5)","decl":{"start":{"line":17,"column":2},"end":{"line":17,"column":14}},"loc":{"start":{"line":17,"column":47},"end":{"line":17,"column":169}}}},"branchMap":{},"s":{"0":2,"1":2,"2":4,"3":1,"4":1,"5":4,"6":2,"7":2,"8":4,"9":1,"10":1,"11":4,"12":1,"13":1,"14":4,"15":1,"16":1,"17":4},"f":{"0":2,"1":1,"2":2,"3":1,"4":1,"5":1},"b":{}}
,"C:\\Users\\natal\\payment-checkout-app\\backend\\src\\shared\\result\\result.ts": {"path":"C:\\Users\\natal\\payment-checkout-app\\backend\\src\\shared\\result\\result.ts","statementMap":{"0":{"start":{"line":2,"column":18},"end":{"line":2,"column":31}},"1":{"start":{"line":3,"column":23},"end":{"line":3,"column":31}},"2":{"start":{"line":4,"column":26},"end":{"line":4,"column":38}},"3":{"start":{"line":5,"column":32},"end":{"line":5,"column":45}},"4":{"start":{"line":6,"column":35},"end":{"line":6,"column":65}},"5":{"start":{"line":7,"column":74},"end":{"line":7,"column":96}},"6":{"start":{"line":8,"column":31},"end":{"line":8,"column":49}},"7":{"start":{"line":1,"column":1},"end":{"line":1,"column":14}},"8":{"start":{"line":11,"column":18},"end":{"line":11,"column":32}},"9":{"start":{"line":12,"column":23},"end":{"line":12,"column":31}},"10":{"start":{"line":13,"column":30},"end":{"line":13,"column":43}},"11":{"start":{"line":14,"column":28},"end":{"line":14,"column":40}},"12":{"start":{"line":15,"column":41},"end":{"line":15,"column":53}},"13":{"start":{"line":16,"column":56},"end":{"line":16,"column":68}},"14":{"start":{"line":17,"column":33},"end":{"line":17,"column":49}},"15":{"start":{"line":10,"column":0},"end":{"line":10,"column":13}},"16":{"start":{"line":20,"column":18},"end":{"line":20,"column":55}},"17":{"start":{"line":20,"column":42},"end":{"line":20,"column":55}},"18":{"start":{"line":20,"column":13},"end":{"line":20,"column":18}},"19":{"start":{"line":21,"column":19},"end":{"line":21,"column":72}},"20":{"start":{"line":21,"column":58},"end":{"line":21,"column":72}},"21":{"start":{"line":21,"column":13},"end":{"line":21,"column":19}}},"fnMap":{"0":{"name":"(anonymous_0)","decl":{"start":{"line":3,"column":2},"end":{"line":3,"column":23}},"loc":{"start":{"line":3,"column":31},"end":{"line":3,"column":35}}},"1":{"name":"(anonymous_1)","decl":{"start":{"line":4,"column":2},"end":{"line":4,"column":6}},"loc":{"start":{"line":4,"column":6},"end":{"line":4,"column":40}}},"2":{"name":"(anonymous_2)","decl":{"start":{"line":5,"column":2},"end":{"line":5,"column":7}},"loc":{"start":{"line":5,"column":7},"end":{"line":5,"column":47}}},"3":{"name":"(anonymous_3)","decl":{"start":{"line":6,"column":2},"end":{"line":6,"column":5}},"loc":{"start":{"line":6,"column":24},"end":{"line":6,"column":67}}},"4":{"name":"(anonymous_4)","decl":{"start":{"line":7,"column":2},"end":{"line":7,"column":9}},"loc":{"start":{"line":7,"column":56},"end":{"line":7,"column":98}}},"5":{"name":"(anonymous_5)","decl":{"start":{"line":8,"column":2},"end":{"line":8,"column":11}},"loc":{"start":{"line":8,"column":24},"end":{"line":8,"column":51}}},"6":{"name":"(anonymous_6)","decl":{"start":{"line":12,"column":2},"end":{"line":12,"column":23}},"loc":{"start":{"line":12,"column":31},"end":{"line":12,"column":35}}},"7":{"name":"(anonymous_7)","decl":{"start":{"line":13,"column":2},"end":{"line":13,"column":6}},"loc":{"start":{"line":13,"column":6},"end":{"line":13,"column":45}}},"8":{"name":"(anonymous_8)","decl":{"start":{"line":14,"column":2},"end":{"line":14,"column":7}},"loc":{"start":{"line":14,"column":7},"end":{"line":14,"column":42}}},"9":{"name":"(anonymous_9)","decl":{"start":{"line":15,"column":2},"end":{"line":15,"column":5}},"loc":{"start":{"line":15,"column":29},"end":{"line":15,"column":55}}},"10":{"name":"(anonymous_10)","decl":{"start":{"line":16,"column":2},"end":{"line":16,"column":9}},"loc":{"start":{"line":16,"column":44},"end":{"line":16,"column":70}}},"11":{"name":"(anonymous_11)","decl":{"start":{"line":17,"column":2},"end":{"line":17,"column":11}},"loc":{"start":{"line":17,"column":26},"end":{"line":17,"column":51}}},"12":{"name":"(anonymous_12)","decl":{"start":{"line":20,"column":18},"end":{"line":20,"column":22}},"loc":{"start":{"line":20,"column":42},"end":{"line":20,"column":55}}},"13":{"name":"(anonymous_13)","decl":{"start":{"line":21,"column":19},"end":{"line":21,"column":37}},"loc":{"start":{"line":21,"column":58},"end":{"line":21,"column":72}}}},"branchMap":{},"s":{"0":16,"1":16,"2":11,"3":0,"4":1,"5":1,"6":1,"7":7,"8":14,"9":14,"10":13,"11":0,"12":1,"13":1,"14":1,"15":7,"16":7,"17":15,"18":7,"19":7,"20":14,"21":7},"f":{"0":16,"1":11,"2":0,"3":1,"4":1,"5":1,"6":14,"7":13,"8":0,"9":1,"10":1,"11":1,"12":15,"13":14},"b":{}}
}
