TN:
SF:src\application\customer\upsert-customer.use-case.ts
FN:13,(anonymous_2)
FN:14,(anonymous_3)
FNF:2
FNH:2
FNDA:3,(anonymous_2)
FNDA:3,(anonymous_3)
DA:1,1
DA:2,1
DA:3,1
DA:4,1
DA:5,1
DA:12,1
DA:13,3
DA:15,3
DA:16,3
DA:17,2
DA:18,1
DA:22,1
DA:23,1
DA:25,1
LF:14
LH:14
BRDA:17,0,0,1
BRDA:25,1,0,1
BRDA:25,1,1,0
BRDA:13,2,0,1
BRDA:13,2,1,0
BRDA:13,3,0,1
BRDA:13,3,1,1
BRF:7
BRH:5
end_of_record
TN:
SF:src\application\payment\process-payment.use-case.ts
FN:26,(anonymous_2)
FN:33,(anonymous_3)
FNF:2
FNH:2
FNDA:5,(anonymous_2)
FNDA:5,(anonymous_3)
DA:1,1
DA:2,1
DA:3,1
DA:4,1
DA:5,1
DA:6,1
DA:7,1
DA:8,1
DA:9,1
DA:10,1
DA:25,1
DA:27,5
DA:28,5
DA:29,5
DA:30,5
DA:34,5
DA:35,5
DA:36,4
DA:37,1
DA:39,3
DA:40,3
DA:48,2
DA:49,2
DA:53,2
DA:55,2
DA:56,1
DA:57,1
DA:65,1
DA:68,2
DA:71,1
DA:72,1
LF:31
LH:31
BRDA:35,0,0,1
BRDA:36,1,0,1
BRDA:45,2,0,3
BRDA:45,2,1,0
BRDA:49,3,0,1
BRDA:49,3,1,1
BRDA:55,4,0,1
BRDA:72,5,0,1
BRDA:72,5,1,0
BRDA:27,6,0,1
BRDA:27,6,1,0
BRDA:27,7,0,1
BRDA:27,7,1,1
BRDA:27,8,0,1
BRDA:27,8,1,0
BRDA:27,9,0,1
BRDA:27,9,1,1
BRDA:28,10,0,1
BRDA:28,10,1,0
BRDA:28,11,0,1
BRDA:28,11,1,1
BRDA:29,12,0,1
BRDA:29,12,1,0
BRDA:29,13,0,1
BRDA:29,13,1,1
BRF:25
BRH:19
end_of_record
TN:
SF:src\application\product\get-product.use-case.ts
FN:9,(anonymous_2)
FN:10,(anonymous_3)
FNF:2
FNH:2
FNDA:3,(anonymous_2)
FNDA:3,(anonymous_3)
DA:1,1
DA:2,1
DA:3,1
DA:4,1
DA:8,1
DA:9,3
DA:11,3
DA:12,3
DA:13,2
LF:9
LH:9
BRDA:12,0,0,1
BRDA:9,1,0,1
BRDA:9,1,1,0
BRDA:9,2,0,1
BRDA:9,2,1,1
BRF:5
BRH:4
end_of_record
TN:
SF:src\application\product\get-products.use-case.ts
FN:8,(anonymous_2)
FN:9,(anonymous_3)
FNF:2
FNH:2
FNDA:3,(anonymous_2)
FNDA:3,(anonymous_3)
DA:1,1
DA:2,1
DA:3,1
DA:7,1
DA:8,3
DA:10,3
DA:11,3
DA:12,2
DA:14,1
LF:9
LH:9
BRDA:14,0,0,1
BRDA:14,0,1,0
BRDA:8,1,0,1
BRDA:8,1,1,0
BRDA:8,2,0,1
BRDA:8,2,1,1
BRF:6
BRH:4
end_of_record
TN:
SF:src\application\transaction\create-transaction.use-case.ts
FN:16,(anonymous_2)
FN:22,(anonymous_3)
FNF:2
FNH:2
FNDA:4,(anonymous_2)
FNDA:4,(anonymous_3)
DA:1,1
DA:2,1
DA:3,1
DA:4,1
DA:5,1
DA:6,1
DA:7,1
DA:8,1
DA:15,1
DA:17,4
DA:18,4
DA:19,4
DA:23,4
DA:24,4
DA:25,3
DA:27,2
DA:28,2
DA:30,1
DA:31,1
DA:41,1
DA:42,1
LF:21
LH:21
BRDA:24,0,0,1
BRDA:25,1,0,1
BRDA:28,2,0,1
BRDA:17,3,0,1
BRDA:17,3,1,0
BRDA:17,4,0,1
BRDA:17,4,1,1
BRDA:17,5,0,1
BRDA:17,5,1,0
BRDA:17,6,0,1
BRDA:17,6,1,1
BRDA:18,7,0,1
BRDA:18,7,1,0
BRDA:18,8,0,1
BRDA:18,8,1,1
BRF:15
BRH:12
end_of_record
TN:
SF:src\application\transaction\get-transaction.use-case.ts
FN:9,(anonymous_2)
FN:10,(anonymous_3)
FNF:2
FNH:2
FNDA:2,(anonymous_2)
FNDA:2,(anonymous_3)
DA:1,1
DA:2,1
DA:4,1
DA:5,1
DA:8,1
DA:9,2
DA:11,2
DA:12,2
DA:13,1
LF:9
LH:9
BRDA:12,0,0,1
BRDA:9,1,0,1
BRDA:9,1,1,0
BRDA:9,2,0,1
BRDA:9,2,1,1
BRF:5
BRH:4
end_of_record
TN:
SF:src\domain\customer\customer.entity.ts
FN:7,(anonymous_0)
FN:11,(anonymous_1)
FNF:2
FNH:2
FNDA:5,(anonymous_0)
FNDA:1,(anonymous_1)
DA:4,2
DA:8,5
DA:9,5
DA:12,1
LF:4
LH:4
BRF:0
BRH:0
end_of_record
TN:
SF:src\domain\customer\customer.repository.port.ts
FNF:0
FNH:0
DA:2,2
LF:1
LH:1
BRF:0
BRH:0
end_of_record
TN:
SF:src\domain\delivery\delivery.entity.ts
FN:1,(anonymous_0)
FN:14,(anonymous_1)
FN:21,(anonymous_2)
FN:22,(anonymous_3)
FN:25,(anonymous_4)
FNF:5
FNH:2
FNDA:1,(anonymous_0)
FNDA:1,(anonymous_1)
FNDA:0,(anonymous_2)
FNDA:0,(anonymous_3)
FNDA:0,(anonymous_4)
DA:1,1
DA:2,1
DA:9,1
DA:15,1
DA:16,1
DA:17,1
DA:18,1
DA:19,1
DA:21,0
DA:23,0
DA:26,0
LF:11
LH:8
BRDA:1,0,0,1
BRDA:1,0,1,1
BRF:2
BRH:2
end_of_record
TN:
SF:src\domain\delivery\delivery.repository.port.ts
FNF:0
FNH:0
DA:2,1
LF:1
LH:1
BRF:0
BRH:0
end_of_record
TN:
SF:src\domain\payment\payment.port.ts
FNF:0
FNH:0
DA:15,1
LF:1
LH:1
BRF:0
BRH:0
end_of_record
TN:
SF:src\domain\product\product.entity.ts
FN:10,(anonymous_0)
FN:15,(anonymous_1)
FN:16,(anonymous_2)
FN:17,(anonymous_3)
FN:21,(anonymous_4)
FNF:5
FNH:5
FNDA:7,(anonymous_0)
FNDA:3,(anonymous_1)
FNDA:4,(anonymous_2)
FNDA:2,(anonymous_3)
FNDA:2,(anonymous_4)
DA:6,1
DA:11,7
DA:12,7
DA:13,7
DA:15,3
DA:16,4
DA:18,2
DA:19,1
DA:22,2
LF:9
LH:9
BRDA:18,0,0,1
BRF:1
BRH:1
end_of_record
TN:
SF:src\domain\product\product.repository.port.ts
FNF:0
FNH:0
DA:2,4
LF:1
LH:1
BRF:0
BRH:0
end_of_record
TN:
SF:src\domain\transaction\transaction.entity.ts
FN:1,(anonymous_0)
FN:20,(anonymous_1)
FN:28,(anonymous_2)
FN:29,(anonymous_3)
FN:30,(anonymous_4)
FN:31,(anonymous_5)
FN:34,(anonymous_6)
FN:37,(anonymous_7)
FN:40,(anonymous_8)
FNF:9
FNH:9
FNDA:3,(anonymous_0)
FNDA:10,(anonymous_1)
FNDA:5,(anonymous_2)
FNDA:1,(anonymous_3)
FNDA:2,(anonymous_4)
FNDA:1,(anonymous_5)
FNDA:1,(anonymous_6)
FNDA:1,(anonymous_7)
FNDA:3,(anonymous_8)
DA:1,3
DA:2,3
DA:3,3
DA:11,3
DA:18,3
DA:19,3
DA:21,10
DA:22,10
DA:23,10
DA:24,10
DA:25,10
DA:26,10
DA:28,5
DA:29,1
DA:30,2
DA:32,1
DA:35,1
DA:38,1
DA:41,3
LF:19
LH:19
BRDA:1,0,0,3
BRDA:1,0,1,3
BRF:2
BRH:2
end_of_record
TN:
SF:src\domain\transaction\transaction.repository.port.ts
FNF:0
FNH:0
DA:2,3
LF:1
LH:1
BRF:0
BRH:0
end_of_record
TN:
SF:src\shared\errors\domain.errors.ts
FN:2,(anonymous_0)
FN:5,(anonymous_1)
FN:8,(anonymous_2)
FN:11,(anonymous_3)
FN:14,(anonymous_4)
FN:17,(anonymous_5)
FNF:6
FNH:6
FNDA:2,(anonymous_0)
FNDA:1,(anonymous_1)
FNDA:2,(anonymous_2)
FNDA:1,(anonymous_3)
FNDA:1,(anonymous_4)
FNDA:1,(anonymous_5)
DA:1,4
DA:2,2
DA:4,4
DA:5,1
DA:7,4
DA:8,2
DA:10,4
DA:11,1
DA:13,4
DA:14,1
DA:16,4
DA:17,1
LF:12
LH:12
BRF:0
BRH:0
end_of_record
TN:
SF:src\shared\result\result.ts
FN:3,(anonymous_0)
FN:4,(anonymous_1)
FN:5,(anonymous_2)
FN:6,(anonymous_3)
FN:7,(anonymous_4)
FN:8,(anonymous_5)
FN:12,(anonymous_6)
FN:13,(anonymous_7)
FN:14,(anonymous_8)
FN:15,(anonymous_9)
FN:16,(anonymous_10)
FN:17,(anonymous_11)
FN:20,(anonymous_12)
FN:21,(anonymous_13)
FNF:14
FNH:12
FNDA:16,(anonymous_0)
FNDA:11,(anonymous_1)
FNDA:0,(anonymous_2)
FNDA:1,(anonymous_3)
FNDA:1,(anonymous_4)
FNDA:1,(anonymous_5)
FNDA:14,(anonymous_6)
FNDA:13,(anonymous_7)
FNDA:0,(anonymous_8)
FNDA:1,(anonymous_9)
FNDA:1,(anonymous_10)
FNDA:1,(anonymous_11)
FNDA:15,(anonymous_12)
FNDA:14,(anonymous_13)
DA:1,7
DA:2,16
DA:3,16
DA:4,11
DA:5,0
DA:6,1
DA:7,1
DA:8,1
DA:10,7
DA:11,14
DA:12,14
DA:13,13
DA:14,0
DA:15,1
DA:16,1
DA:17,1
DA:20,15
DA:21,14
LF:18
LH:16
BRF:0
BRH:0
end_of_record
